2021-03-09 14:09:05,016 - c:\users\aarc8\documents\github\mdoairb\framework\Sizing\Geometry\wetted_area     - INFO - ---- Start wetted area module ----
2021-03-09 14:09:05,033 - c:\users\aarc8\documents\github\mdoairb\framework\Sizing\Geometry\wetted_area     - INFO - ---- Start wetted area module ----
2021-03-09 14:09:05,040 - c:\users\aarc8\documents\github\mdoairb\framework\Sizing\Geometry\wetted_area     - INFO - ---- Start wetted area module ----
2021-03-09 14:09:05,048 - c:\users\aarc8\documents\github\mdoairb\framework\Sizing\Geometry\wetted_area     - INFO - ---- Start wetted area module ----
2021-03-09 14:09:05,055 - c:\users\aarc8\documents\github\mdoairb\framework\Sizing\Geometry\wetted_area     - INFO - ---- Start wetted area module ----
2021-03-09 14:09:05,065 - c:\users\aarc8\documents\github\mdoairb\framework\Sizing\Geometry\wetted_area     - INFO - ---- Start wetted area module ----
2021-03-09 14:09:05,073 - c:\users\aarc8\documents\github\mdoairb\framework\Sizing\Geometry\wetted_area     - INFO - ---- Start wetted area module ----
2021-03-09 14:09:05,085 - c:\users\aarc8\documents\github\mdoairb\framework\Sizing\Geometry\wetted_area     - INFO - ---- Start wetted area module ----
2021-03-09 14:09:05,096 - c:\users\aarc8\documents\github\mdoairb\framework\Sizing\Geometry\wetted_area     - INFO - ---- Start wetted area module ----
2021-03-09 14:09:05,104 - c:\users\aarc8\documents\github\mdoairb\framework\Sizing\Geometry\wetted_area     - INFO - ---- Start wetted area module ----
2021-03-09 14:09:05,115 - c:\users\aarc8\documents\github\mdoairb\framework\Sizing\Geometry\wetted_area     - INFO - ---- Start wetted area module ----
2021-03-09 14:09:05,129 - c:\users\aarc8\documents\github\mdoairb\framework\Sizing\Geometry\wetted_area     - INFO - ---- Start wetted area module ----
2021-03-09 14:09:05,153 - c:\users\aarc8\documents\github\mdoairb\framework\Sizing\Geometry\wetted_area     - INFO - ---- Start wetted area module ----
aarc8\documents\github\mdoairb\framework\Sizing\airplane_sizing_check     - INFO - ---- Start aircraft sizing module ----
2021-03-09 14:09:05,059 - c:\users\aarc8\documents\github\mdoairb\framework\Sizing\airplane_sizing_check     - INFO - Current individual vairables: [94, 99, 45, 26, -5, 38, 60, 20, 30, 1489, 15, 99, 5, 1903, 41000, 78, 1, 1, 1, 1]
2021-03-09 14:09:05,067 - c:\users\aarc8\documents\github\mdoairb\framework\Sizing\airplane_sizing_check     - INFO - ---- Start aircraft sizing module ----
2021-03-09 14:09:05,067 - c:\users\aarc8\documents\github\mdoairb\framework\Sizing\airplane_sizing_check     - INFO - Current individual vairables: [110, 88, 46, 25, -4, 33, 62, 10, 27, 1443, 17, 98, 5, 1283, 41000, 78, 1, 1, 1, 1]
2021-03-09 14:09:05,076 - c:\users\aarc8\documents\github\mdoairb\framework\Sizing\airplane_sizing_check     - INFO - ---- Start aircraft sizing module ----
2021-03-09 14:09:05,077 - c:\users\aarc8\documents\github\mdoairb\framework\Sizing\airplane_sizing_check     - INFO - Current individual vairables: [74, 82, 29, 27, -4, 34, 65, 18, 30, 1380, 15, 105, 5, 1239, 41000, 78, 1, 1, 1, 1]
2021-03-09 14:09:05,089 - c:\users\aarc8\documents\github\mdoairb\framework\Sizing\airplane_sizing_check     - INFO - ---- Start aircraft sizing module ----
2021-03-09 14:09:05,090 - c:\users\aarc8\documents\github\mdoairb\framework\Sizing\airplane_sizing_check     - INFO - Current individual vairables: [116, 91, 36, 25, -5, 36, 62, 12, 27, 1400, 22, 75, 5, 2146, 41000, 78, 1, 1, 1, 1]
2021-03-09 14:09:05,099 - c:\users\aarc8\documents\github\mdoairb\framework\Sizing\airplane_sizing_check     - INFO - ---- Start aircraft sizing module ----
2021-03-09 14:09:05,099 - c:\users\aarc8\documents\github\mdoairb\framework\Sizing\airplane_sizing_check     - INFO - Current individual vairables: [124, 95, 37, 27, -2, 32, 62, 19, 28, 1400, 19, 86, 4, 1358, 41000, 78, 1, 1, 1, 1]
2021-03-09 14:09:05,109 - c:\users\aarc8\documents\github\mdoairb\framework\Sizing\airplane_sizing_check     - INFO - ---- Start aircraft sizing module ----
2021-03-09 14:09:05,110 - c:\users\aarc8\documents\github\mdoairb\framework\Sizing\airplane_sizing_check     - INFO - Current individual vairables: [110, 88, 46, 25, -4, 33, 62, 10, 27, 1443, 17, 98, 5, 1283, 41000, 78, 1, 1, 1, 1]
2021-03-09 14:09:05,118 - c:\users\aarc8\documents\github\mdoairb\framework\Sizing\airplane_sizing_check     - INFO - ---- Start aircraft sizing module ----
2021-03-09 14:09:05,118 - c:\users\aarc8\documents\github\mdoairb\framework\Sizing\airplane_sizing_check     - INFO - Current individual vairables: [81, 96, 25, 25, -2, 37, 49, 15, 28, 1492, 21, 108, 4, 2352, 41000, 78, 1, 1, 1, 1]
2021-03-09 14:09:05,136 - c:\users\aarc8\documents\github\mdoairb\framework\Sizing\airplane_sizing_check     - INFO - ---- Start aircraft sizing module ----
2021-03-09 14:09:05,137 - c:\users\aarc8\documents\github\mdoairb\framework\Sizing\airplane_sizing_check     - INFO - Current individual vairables: [81, 96, 25, 25, -4, 34, 52, 14, 30, 1408, 22, 86, 4, 1358, 41000, 78, 1, 1, 1, 1]
ction     - INFO - Aircraft not passed sizing and checks, profit: 0
2021-03-09 14:09:05,106 - c:\users\aarc8\documents\github\mdoairb\framework\Optimization\objective_function     - INFO - Network profit excecution time: 0:00:00.006994
2021-03-09 14:09:05,116 - c:\users\aarc8\documents\github\mdoairb\framework\Optimization\objective_function     - INFO - Exception ocurred during calculations
2021-03-09 14:09:05,116 - c:\users\aarc8\documents\github\mdoairb\framework\Optimization\objective_function     - INFO - Aircraft not passed sizing and checks, profit: 0
2021-03-09 14:09:05,117 - c:\users\aarc8\documents\github\mdoairb\framework\Optimization\objective_function     - INFO - Network profit excecution time: 0:00:00.007957
2021-03-09 14:09:05,131 - c:\users\aarc8\documents\github\mdoairb\framework\Optimization\objective_function     - INFO - Exception ocurred during calculations
2021-03-09 14:09:05,132 - c:\users\aarc8\documents\github\mdoairb\framework\Optimization\objective_function     - INFO - Aircraft not passed sizing and checks, profit: 0
2021-03-09 14:09:05,132 - c:\users\aarc8\documents\github\mdoairb\framework\Optimization\objective_function     - INFO - Network profit excecution time: 0:00:00.013994
2021-03-09 14:09:05,155 - c:\users\aarc8\documents\github\mdoairb\framework\Optimization\objective_function     - INFO - Exception ocurred during calculations
2021-03-09 14:09:05,155 - c:\users\aarc8\documents\github\mdoairb\framework\Optimization\objective_function     - INFO - Aircraft not passed sizing and checks, profit: 0
2021-03-09 14:09:05,156 - c:\users\aarc8\documents\github\mdoairb\framework\Optimization\objective_function     - INFO - Network profit excecution time: 0:00:00.019988
