2021-04-22 21:02:48,071 - c:\users\aarc8\documents\github\mdoairb\framework\utilities\output     - INFO - ==== Start writing aircraft results ====
2021-04-22 21:02:48,128 - c:\users\aarc8\documents\github\mdoairb\framework\utilities\output     - INFO - ==== End writing aircraft results ====
2021-04-22 21:02:48,129 - c:\users\aarc8\documents\github\mdoairb\framework\utilities\output     - INFO - ==== Start writing klm results ====
2021-04-22 21:02:48,197 - c:\users\aarc8\documents\github\mdoairb\framework\utilities\output     - INFO - ==== End writing klm results ====
   - INFO - ==== End network optimization module ====
2 20:45:14,462 - c:\users\aarc8\documents\github\mdoairb\framework\Performance\Mission\mission     - INFO - ---- End DOC mission function ----
2021-04-22 20:45:14,462 - c:\users\aarc8\documents\github\mdoairb\framework\Performance\Mission\mission     - INFO - DOC mission execution time: 0:00:22.6098702021-04-22 20:53:47,475 - c:\users\aarc8\documents\gi2021-04-22 20:55:09,526 - c:\users\aarc8\documents\github\mdoairb\framework\Noise\Noise_Smith\noise_calculation     - INFO - ---- Start aircraft noise module ----
2021-04-22 20:58:38,691 - c:\users\aarc8\documents\github\mdoairb\framework\Noise\Noise_Smith\noise_calculation     - INFO - Noise check execution time: 0:03:29.165605
2021-04-22 20:58:38,692 - c:\users\aarc8\documents\github\mdoairb\framework\Noise\N2021-04-22 20:58:39,057 - c:\users\aarc8\documents\github\mdoairb\framework\Siz2021-04-22 21:01:21,463 - c:\users\aarc8\documents\github\mdoairb\framework\Noise\Noise_Smith\noise_calculation     - INFO - ---- Start aircraft noise module ----
2021-04-22 21:03:24,417 - c:\users\aarc8\documents\github\mdoairb\framework\Noise\Noise_Smith\noise_calculation     - INFO - Noise check execution time: 0:02:02.953661
2021-04-22 21:03:24,418 - c:\users\aarc8\documents\gith2021-04-22 21:10:24,058 - c:\users\aarc8\documents\github\mdoairb\framework\Sizing\Geometry\wetted_area    2021-04-22 21:12:23,851 - c:\users\aarc8\documents\github\mdoairb\framework\Noise\Noise_Smith\noise_calculation     - INFO - ---- Start aircraft noise module ----
2021-04-22 21:16:21,551 - c:\users\aarc8\documents\github\mdoairb\framework\Noise\Noise_Smith\noise_calculation     - INFO - Noise check execution time: 0:03:57.699907
2021-04-22 21:16:21,552 - c:\users\aarc8\documents\github\mdoairb\framework\Noise\Noise_Smith\noise_calculation     - INFO - ---- End aircraft noise module ----
2021-04-22 21:11:51,737 - c:\users\aarc8\documents\github\mdoairb\framework\Noise\Noise_Smith\noise_calculation     - INFO - ---- Start aircraft noise module ----
2021-04-22 21:13:48,223 - c:\users\aarc8\documents\github\mdoairb\framework\Noise\Noise_Smith\noise_calculation     - INFO - Noise check execution time: 0:01:56.486408
2021-04-22 21:13:48,224 - c:\users\aarc8\documents\github\mdoairb\framework\Noise\Noise_Smith\noise_calculation     - INFO - ---- End aircraft noise module ----
2021-04-22 21:15:38,013 - c:\users\aarc8\documents\github\mdoairb\framework\Noise\Noise_Smith\noise_calculation     - INFO - ---- Start aircraft noise module ----
2021-04-22 21:18:27,594 - c:\users\aarc8\documents\github\mdoairb\framework\Noise\Noise_Smith\noise_calculation     - INFO - Noise check execution time: 0:02:49.580486
2021-04-22 21:18:27,595 - c:\users\aarc8\documents\github\mdoairb\framework\Noise\Noise_Smith\noise_calculation     - INFO - ---- End aircraft noise module ----
2021-04-22 21:20:14,294 - c:\users\aarc8\documents\github\mdoairb\framework\Noise\Noise_Smith\noise_calculation     - INFO - ---- Start aircraft noise module ----
2021-04-22 21:23:31,056 - c:\users\aarc8\documents\github\mdoairb\framework\Noise\Noise_Smith\noise_calculation     - INFO - Noise check execution time: 0:03:16.762553
2021-04-22 21:23:31,057 - c:\users\aarc8\documents\github\mdoairb\framework\Noise\Noise_Smith\noise_calculation     - INFO - ---- End aircraft noise module ----
ub\mdoairb\framework\Sizing\Geometry\wetted_area     - INFO - Individual wetted area [m2]: 596.104237271955
2021-04-22 21:18:33,850 - c:\users\aarc8\documents\github\mdoairb\framework\Sizing\Geometry\wetted_area     - INFO - ---- End wetted area module ----
i2021-04-22 21:14:39,902 - c:\users\aarc8\documents\github\mdoairb\framework\Sizing\Geometry\wetted_area     - INFO - ---- Start wetted area module ----
2021-04-22 21:14:46,175 - c:\users\aarc8\documents\github\mdoairb\framework\Sizin2021-04-22 21:16:48,631 - c:\users\aarc8\documents\github\mdoairb\framework\Noise\Noise_Smith\noise_calculation     - INFO - ---- Start aircraft noise module ----
2021-04-22 21:20:10,297 - c:\users\aarc8\documents\github\mdoairb\framework\Noise\Noise_Smith\noise_calculation     - INFO - Noise check execution time: 0:03:21.666198
2021-04-22 21:20:10,297 - c:\users\aarc8\documents\github\mdoairb\framework\Noise\Noise_Smith\noise_calculation     - INFO - ---- End aircraft noise module ----
ers\aarc8\documents\github\mdoairb\framework\Sizing\airplane_sizing_check     - INFO - Current individual vairables: [92, 91, 29, 23, -4, 33, 60, 11, 30, 1498, 15, 82, 5, 1458, 42933, 81, 1, 1, 1, 1]
2021-04-22 21:10:30,304 - c:\users\aarc8\documents\github\mdoairb\framework\Sizing\airplane_sizing_check     - INFO - ---- Start2021-04-22 21:16:21,560 - c:\users\aarc8\documents\github\mdoairb\framework\Optimization\objective_function     - INFO - Aircraft passed sizing and checks status: 0
2021-04-22 21:16:21,599 - c:\users\aarc8\documents\github\mdoairb\framework\Optimization\objective_function     - INFO - ---- Start DOC calculation ----
ft flags: [0, 0, 0, 0, 0, 0, 0]
2021-04-22 21:16:21,553 - c:\users\aarc8\documents\github\mdoairb\framework\Sizing\airplane_sizing_check     - INFO - Aircraft status (pass = 0, no pass =1): 0
2021-04-22 21:16:21,553 - c:\users\aarc8\documents\github\mdoairb\framework\Sizing\airplane_sizing_check     - INFO - ---- End aircraft sizing module ----
2 21:12:14,678 - c:\users\aarc8\documents\github\mdoairb\framework\Noise\Noise_Smith\noise_calculation     - INFO - ---- Start aircraft noise modu2021-04-22 21:15:26,248 - c:\users\aarc8\documents\github\mdoairb\framework\Sizing\Geometry\wetted_area     - INFO - ---- Start wetted area module ----
2021-04-22 21:15:32,746 - c:\users\aarc8\documents\github\mdoairb\framework\Sizing\Geometry\wetted_area     - INFO - Individual wetted area [m2]: 809.0797070327407
2021-04-22 21:15:32,742021-04-22 21:16:56,855 - c:\users\aarc8\documents\github\mdoairb\framework\Noise\Noise_Smith\noise_calculation     - INFO - ----2021-04-22 21:19:46,722 - c:\users\aarc8\documents\github\mdoairb\framework\Sizing\Geometry\wetted_area     - INFO - ---- Start wetted area module ----
2021-04-22 21:19:52,658 - c:\users\aarc8\documents\github\mdoairb\framework\Sizing\Geometry\wetted_area     - INFO - Individual wetted area [m2]: 629.4638014672831
2021-04-22 21:19:52,658 - c:\users\aarc8\documen2021-04-22 21:21:31,362 - c:\users\aarc8\documents\github\mdoairb\framework\Noise\Noise_Smith\noise_calculation     - INFO - ---- Start aircraft noise module ----
2021-04-22 21:24:21,931 - c:\users\aarc8\documents\github\mdoairb\framework\Noise\Noise_Smith\noise_calculation     - INFO - Noise check execution time: 0:02:50.569721
2021-04-22 21:24:21,931 - c:\users\aarc8\documents\github\mdoairb\framework\Noise\Noise_Smith\noise_calculation     - INFO - ---- End aircraft noise module ----
ts\github\mdoairb\framework\Sizing\airplane_sizing_check     - INFO - Aircraft flags: [1, 1, 1, 1, 1, 1, 0]
2021-04-22 21:13:48,225 - c:\users\aarc8\documents\github\mdoairb\framework\Sizing\airplane_sizing_check     - INFO - Aircraft status (pass = 0, no pass =1): 1
2021-04-22 21:13:48,225 - c:\users\aarc8\documents\github\mdoairb\framework\Sizing\airplane_sizing_check     - INFO - ---- End aircraft sizing module ----
2021-04-22 21:13:48,241 - c:\users\aarc8\documents\github\mdoairb\fr2021-04-22 21:14:39,573 - c:\users\aarc8\documents\github\mdoairb\framework\Optimization\objective_function     - INFO - Aircraft did not pass sizing and checks,2021-04-22 21:15:25,957 - c:\users\aarc8\documents\github\mdoairb\framework\Optimization\objective_function     - INFO - Aircraft did not pass sizing and checks, profit: 0
2021-04-22 21:15:25,958 - c:\users\aarc8\documents\github\mdoairb\framework\Optimization\objective_function     - INFO - Network profit excecution time:2021-04-22 21:15:37,912 - c:\users\aarc8\documents\github\mdoairb\framework\Sizing\airplane_sizing_check     - INFO - ---- End sizing loop for tail sizing ----
2021-04-22 212021-04-22 21:20:10,307 - c:\users\aarc8\documents\github\mdoairb\framework\Optimization\objective_function     - INFO - Aircraft did not pass sizing and checks, profit: 0
2021-04-22 21:20:10,309 - c:\users\aarc8\documents\github\mdoairb\framework\Optimization\objective_function     - INFO - Network profit excecution time: 0:05:30.729684
2021-04-22 21:20:10,309 - c:\users\aarc8\documents\github\mdoairb\framework\Optimization\objective_function     - INFO - ==== End network profit module ====
9
2021-04-22 21:19:46,456 - c:\users\aarc8\documents\github\mdoairb\framework\Optimization\objective_function     - INFO - ==== End network profit module ====
2021-04-22 21:19:46,458 - c:\users\aarc8\documents\github\mdoairb\framework\Optimization\objective_function     - INFO - ==== Start network profit module ====
2021-04-22 21:24:21,941 - c:\users\aarc8\documents\github\mdoairb\framework\Optimization\objective_function     - INFO - Aircraft did not pass sizing and checks, profit: 0
2021-04-22 21:24:21,942 - c:\users\aarc8\documents\github\mdoairb\framework\Optimization\objective_function     - INFO - Network profit excecution time: 0:04:35.481547
2021-04-22 21:24:21,942 - c:\users\aarc8\documents\github\mdoairb\framework\Optimization\objective_function     - INFO - ==== End network profit module ====
, 0, 0, 0]
2021-04-22 21:23:31,057 - c:\users\aarc8\documents\github\mdoairb\framework\Sizing\airplane_sizing_check     - INFO - Aircraft status (pass = 0, no pass =1): 0
2021-04-22 21:23:31,058 - c:\users\aarc8\documents\github\mdoairb\framework\Sizing\airplane_sizing_check     - INFO - ---- End aircraft sizing module ----
21-04-22 21:18:27,607 - c:\users\aarc8\documents\github\mdoairb\framework\Optimization\objective_function     - INFO - Network profit excecution time: 0:04:39.365239
2021-04-22 21:18:27,609 - c:\users\aarc8\documents\github\mdoairb\framework\Optimization\objective_function     - INFO - ==== End network profit module ====
2021-04-22 21:18:27,610 - c:\users\aarc8\documents\github\mdoairb\framework\Optimization\objective_function     - INFO - ==== Start network profit module ====
2021-04-22 21:23:31,063 - c:\users\aarc8\documents\github\mdoairb\framework\Optimization\objective_function     - INFO - Aircraft passed sizing and checks status: 0
2021-04-22 21:23:31,087 - c:\users\aarc8\documents\github\mdoairb\framework\Optimization\objective_function     - INFO - ---- Start DOC calculation ----
 -4, 44, 63, 11, 29, 1472, 15, 128, 5, 1208, 41600, 79, 1, 1, 1, 1]
2021-04-22 21:14:46,267 - c:\users\aarc8\documents\github\mdoairb\framework\Sizing\airplane_sizing_check     - INFO - ---- Start sizing loop for tail sizing ----
2021-04-22 21:16:48,557 - c:\users\aarc8\documents\github\mdoairb\framework\Sizing\airplane_sizing_check     - INFO - ---- End sizing loop for tail sizing ----
2021-04-22 21:20:10,298 - c:\users\aarc8\documents\github\mdoairb\framework\Sizing\airplane_sizing_check     - INFO - Aircraft flags: [0, 1, 0, 1, 1, 0, 0]
2021-04-22 21:20:10,298 - c:\users\aarc8\documents\github\mdoairb\framework\Sizing\airplane_sizing_check     - INFO - Aircraft status (pass = 0, no pass =1): 1
2021-04-22 21:20:10,299 - c:\users\aarc8\documents\github\mdoairb\framework\Sizing\airplane_sizing_check     - INFO - ---- End aircraft sizing module ----
1-04-22 21:01:41,502 - c:\users\aarc8\documents\github\mdoairb\framework\Sizing\airplane_sizing_check     - INFO - ---- Start aircraft sizing module ----
2021-04-22 21:01:41,502 - c:\users\aarc8\documents\github\mdoairb\framework\Sizing\airplane_sizing_check     - INFO - Current individual vairables: [100, 107, 37, 20, -3, 45, 47, 11, 29, 1392, 17, 168, 6, 2792, 42667, 82, 1, 1, 1, 1]
2021-04-22 21:01:48,006 - c:\users\aarc8\documents\github\mdoairb\framework\Sizing\airplane_sizing_check     - INFO - ---- Start sizing loop for tail sizing ----
2021-04-22 21:04:10,325 - c:\users\aarc8\documents\github\mdoairb\framework\Sizing\airplane_sizing_check     - INFO - ---- End sizing loop for tail sizing ----
2021-04-22 21:06:14,655 - c:\users\aarc8\documents\github\mdoairb\framework\Sizing\airplane_sizing_check     - INFO - Aircraft flags: [1, 1, 1, 1, 1, 1, 0]
2021-04-22 21:06:14,655 - c:\users\aarc8\documents\github\mdoairb\framework\Sizing\airplane_sizing_check     - INFO - Aircraft status (pass = 0, no pass =1): 1
2021-04-22 21:06:14,656 - c:\users\aarc8\documents\github\mdoairb\framework\Sizing\airplane_sizing_check     - INFO - ---- End aircraft sizing module ----
2021-04-22 21:06:14,664 - c:\users\aarc8\documents\github\mdoairb\framework\Sizing\airplane_sizing_check     - INFO - ---- Start aircraft sizing module ----
2021-04-22 21:06:14,665 - c:\users\aarc8\documents\github\mdoairb\framework\Sizing\airplane_sizing_check     - INFO - Current individual vairables: [94, 97, 34, 22, -5, 36, 65, 12, 28, 1398, 16, 118, 5, 1375, 41333, 79, 1, 1, 1, 1]
2021-04-22 21:06:20,414 - c:\users\aarc8\documents\github\mdoairb\framework\Sizing\airplane_sizing_check     - INFO - ---- Start sizing loop for tail sizing ----
2021-04-22 21:07:54,887 - c:\users\aarc8\documents\github\mdoairb\framework\Sizing\airplane_sizing_check     - INFO - ---- End sizing loop for tail sizing ----
2021-04-22 21:10:23,743 - c:\users\aarc8\documents\github\mdoairb\framework\Sizing\airplane_sizing_check     - INFO - Aircraft flags: [0, 0, 0, 0, 1, 0, 0]
2021-04-22 21:10:23,743 - c:\users\aarc8\documents\github\mdoairb\framework\Sizing\airplane_sizing_check     - INFO - Aircraft status (pass = 0, no pass =1): 1
2021-04-22 21:10:23,744 - c:\users\aarc8\documents\github\mdoairb\framework\Sizing\airplane_sizing_check     - INFO - ---- End aircraft sizing module ----
2021-04-22 21:10:23,761 - c:\users\aarc8\documents\github\mdoairb\framework\Sizing\airplane_sizing_check     - INFO - ---- Start aircraft sizing module ----
2021-04-22 21:10:23,761 - c:\users\aarc8\documents\github\mdoairb\framework\Sizing\airplane_sizing_check     - INFO - Current individual vairables: [83, 86, 43, 18, -5, 37, 45, 15, 28, 1462, 23, 148, 6, 2042, 40667, 79, 1, 1, 1, 1]
2021-04-22 21:10:30,216 - c:\users\aarc8\documents\github\mdoairb\framework\Sizing\airplane_sizing_check     - INFO - ---- Start sizing loop for tail sizing ----
2021-04-22 21:12:14,583 - c:\users\aarc8\documents\github\mdoairb\framework\Sizing\airplane_sizing_check     - INFO - ---- End sizing loop for tail sizing ----
2021-04-22 21:15:25,950 - c:\users\aarc8\documents\github\mdoairb\framework\Sizing\airplane_sizing_check     - INFO - Aircraft flags: [1, 0, 0, 0, 0, 1, 0]
2021-04-22 21:15:25,950 - c:\users\aarc8\documents\github\mdoairb\framework\Sizing\airplane_sizing_check     - INFO - Aircraft status (pass = 0, no pass =1): 1
2021-04-22 21:15:25,951 - c:\users\aarc8\documents\github\mdoairb\framework\Sizing\airplane_sizing_check     - INFO - ---- End aircraft sizing module ----
2021-04-22 21:15:25,961 - c:\users\aarc8\documents\github\mdoairb\framework\Sizing\airplane_sizing_check     - INFO - ---- Start aircraft sizing module ----
2021-04-22 21:15:25,962 - c:\users\aarc8\documents\github\mdoairb\framework\Sizing\airplane_sizing_check     - INFO - Current individual vairables: [119, 85, 47, 26, -2, 35, 47, 13, 28, 1458, 20, 182, 5, 2125, 40267, 78, 1, 1, 1, 1]
2021-04-22 21:15:32,840 - c:\users\aarc8\documents\github\mdoairb\framework\Sizing\airp2021-04-22 21:23:31,092 - c:\users\aarc8\documents\github\mdoairb\framework\Performance\Mission\mission     - INFO - ---- Start DOC mission function ----
2021-04-22 21:23:59,843 - c:\users\aarc8\documents\github\mdoairb\framework\Performance\Mission\mission     - INFO - ---- End DOC mission function ----
2021-04-22 21:23:59,843 - c:\users\aarc8\documents\github\mdoairb\framework\Performance\Mission\mission     - INFO - DOC mission execution time: 0:00:28.750642
2021-04-22 21:23:59,847 - c:\users\aarc8\documents\github\mdoairb\framework\Performance\Mission\mission     - INFO - ---- Start DOC mission function ----
2021-04-22 21:25:34,370 - c:\users\aarc8\documents\github\mdoairb\framework\Performance\Mission\mission     - INFO - ---- End DOC mission function ----
2021-04-22 21:25:34,371 - c:\users\aarc8\documents\github\mdoairb\framework\Performance\Mission\mission     - INFO - DOC mission execution time: 0:01:34.523915
2021-04-22 21:25:34,376 - c:\users\aarc8\documents\github\mdoairb\framework\Performance\Mission\mission     - INFO - ---- Start DOC mission function ----
2021-04-22 21:25:52,549 - c:\users\aarc8\documents\github\mdoairb\framework\Performance\Mission\mission     - INFO - ---- End DOC mission function ----
2021-04-22 21:25:52,549 - c:\users\aarc8\documents\github\mdoairb\framework\Performance\Mission\mission     - INFO - DOC mission execution time: 0:00:18.172669
2021-04-22 21:25:52,559 - c:\users\aarc8\documents\github\mdoairb\framework\Performance\Mission\mission     - INFO - ---- Start DOC mission function ----
, 0, 0, 0, 1, 0, 0]
2021-04-22 21:24:21,932 - c:\users\aarc8\documents\github\mdoairb\framework\Sizing\airplane_sizing_check     - INFO - Aircraft status (pass = 0, no pass =1): 1
2021-04-22 21:24:21,933 - c:\users\aarc8\documents\github\mdoairb\framework\Sizing\airplane_sizing_check     - INFO - ---- End aircraft sizing module ----
- c:\users\aarc8\documents\github\mdoairb\framework\Performance\Mission\mission     - INFO - ---- Start DOC mission function ----
2021-04-22 21:18:51,007 - c:\users\aarc8\documents\github\mdoairb\framework\Performance\Mission\mission     - INFO - ---- End DOC mission function ----
2021-04-22 21:18:51,008 - c:\users\aarc8\documents\github\mdoairb\framework\Performance\Mission\mission     - INFO - DOC mission execution time: 0:00:25.465208
2021-04-22 21:18:51,012 - c:\users\aarc8\documents\github\mdoairb\framework\Performance\Mission\mission     - INFO - ---- Start DOC mission function ----
2021-04-22 21:19:15,571 - c:\users\aarc8\documents\github\mdoairb\framework\Performance\Mission\mission     - INFO - ---- End DOC mission function ----
2021-04-22 21:19:15,572 - c:\users\aarc8\documents\github\mdoairb\framework\Performance\Mission\mission     - INFO - DOC mission execution time: 0:00:24.559318
2021-04-22 21:19:15,576 - c:\users\aarc8\documents\github\mdoairb\framework\Performance\Mission\mission     - INFO - ---- Start DOC mission function ----
2021-04-22 21:19:39,784 - c:\users\aarc8\documents\github\mdoairb\framework\Performance\Mission\mission     - INFO - ---- End DOC mission function ----
2021-04-22 21:19:39,784 - c:\users\aarc8\documents\github\mdoairb\framework\Performance\Mission\mission     - INFO - DOC mission execution time: 0:00:24.208626
2021-04-22 21:19:39,791 - c:\users\aarc8\documents\github\mdoairb\framework\Performance\Mission\mission     - INFO - ---- Start DOC mission function ----
2021-04-22 21:20:13,772 - c:\users\aarc8\documents\github\mdoairb\framework\Performance\Mission\mission     - INFO - ---- End DOC mission function ----
2021-04-22 21:20:13,772 - c:\users\aarc8\documents\github\mdoairb\framework\Performance\Mission\mission     - INFO - DOC mission execution time: 0:00:33.980896
2021-04-22 21:20:13,779 - c:\users\aarc8\documents\github\mdoairb\framework\Performance\Mission\mission     - INFO - ---- Start DOC mission function ----
2021-04-22 21:20:43,465 - c:\users\aarc8\documents\github\mdoairb\framework\Performance\Mission\mission     - INFO - ---- End DOC mission function ----
2021-04-22 21:20:43,465 - c:\users\aarc8\documents\github\mdoairb\framework\Performance\Mission\mission     - INFO - DOC mission execution time: 0:00:29.685466
2021-04-22 21:20:43,472 - c:\users\aarc8\documents\github\mdoairb\framework\Performance\Mission\mission     - INFO - ---- Start DOC mission function ----
2021-04-22 21:21:06,967 - c:\users\aarc8\documents\github\mdoairb\framework\Performance\Mission\mission     - INFO - ---- End DOC mission function ----
2021-04-22 21:21:06,968 - c:\users\aarc8\documents\github\mdoairb\framework\Performance\Mission\mission     - INFO - DOC mission execution time: 0:00:23.494863
2021-04-22 21:21:06,974 - c:\users\aarc8\documents\github\mdoairb\framework\Performance\Mission\mission     - INFO - ---- Start DOC mission function ----
2021-04-22 21:21:41,033 - c:\users\aarc8\documents\github\mdoairb\framework\Performance\Mission\mission     - INFO - ---- End DOC mission function ----
2021-04-22 21:21:41,034 - c:\users\aarc8\documents\github\mdoairb\framework\Performance\Mission\mission     - INFO - DOC mission execution time: 0:00:34.060725
2021-04-22 21:21:41,041 - c:\users\aarc8\documents\github\mdoairb\framework\Performance\Mission\mission     - INFO - ---- Start DOC mission function ----
2021-04-22 21:22:04,250 - c:\users\aarc8\documents\github\mdoairb\framework\Performance\Mission\mission     - INFO - ---- End DOC mission function ----
2021-04-22 21:22:04,250 - c:\users\aarc8\documents\github\mdoairb\framework\Performance\Mission\mission     - INFO - DOC mission execution time: 0:00:23.208913
2021-04-22 21:22:04,256 - c:\users\aarc8\documents\github\mdoairb\framework\Performance\Mission\mission     - INFO - ---- Start DOC mission function ----
2021-04-22 21:22:27,270 - c:\users\aarc8\documents\github\mdoairb\framework\Performance\Mission\mission     - INFO - ---- End DOC mission function ----
2021-04-22 21:22:27,271 - c:\users\aarc8\documents\github\mdoairb\framework\Performance\Mission\mission     - INFO - DOC mission execution time: 0:00:23.014755
2021-04-22 21:22:27,277 - c:\users\aarc8\documents\github\mdoairb\framework\Performance\Mission\mission     - INFO - ---- Start DOC mission function ----
2021-04-22 21:22:48,671 - c:\users\aarc8\documents\github\mdoairb\framework\Performance\Mission\mission     - INFO - ---- End DOC mission function ----
2021-04-22 21:22:48,672 - c:\users\aarc8\documents\github\mdoairb\framework\Performance\Mission\mission     - INFO - DOC mission execution time: 0:00:21.394580
2021-04-22 21:22:48,676 - c:\users\aarc8\documents\github\mdoairb\framework\Performance\Mission\mission     - INFO - ---- Start DOC mission function ----
2021-04-22 21:23:18,379 - c:\users\aarc8\documents\github\mdoairb\framework\Performance\Mission\mission     - INFO - ---- End DOC mission function ----
2021-04-22 21:23:18,379 - c:\users\aarc8\documents\github\mdoairb\framework\Performance\Mission\mission     - INFO - DOC mission execution time: 0:00:29.702726
2021-04-22 21:23:18,384 - c:\users\aarc8\documents\github\mdoairb\framework\Performance\Mission\mission     - INFO - ---- Start DOC mission function ----
2021-04-22 21:23:40,416 - c:\users\aarc8\documents\github\mdoairb\framework\Performance\Mission\mission     - INFO - ---- End DOC mission function ----
2021-04-22 21:23:40,417 - c:\users\aarc8\documents\github\mdoairb\framework\Performance\Mission\mission     - INFO - DOC mission execution time: 0:00:22.032969
2021-04-22 21:23:40,423 - c:\users\aarc8\documents\github\mdoairb\framework\Performance\Mission\mission     - INFO - ---- Start DOC mission function ----
2021-04-22 21:24:08,153 - c:\users\aarc8\documents\github\mdoairb\framework\Performance\Mission\mission     - INFO - ---- End DOC mission function ----
2021-04-22 21:24:08,153 - c:\users\aarc8\documents\github\mdoairb\framework\Performance\Mission\mission     - INFO - DOC mission execution time: 0:00:27.730309
2021-04-22 21:24:08,158 - c:\users\aarc8\documents\github\mdoairb\framework\Performance\Mission\mission     - INFO - ---- Start DOC mission function ----
2021-04-22 21:24:35,092 - c:\users\aarc8\documents\github\mdoairb\framework\Performance\Mission\mission     - INFO - ---- End DOC mission function ----
2021-04-22 21:24:35,092 - c:\users\aarc8\documents\github\mdoairb\framework\Performance\Mission\mission     - INFO - DOC mission execution time: 0:00:26.933897
2021-04-22 21:24:35,098 - c:\users\aarc8\documents\github\mdoairb\framework\Performance\Mission\mission     - INFO - ---- Start DOC mission function ----
2021-04-22 21:25:00,102 - c:\users\aarc8\documents\github\mdoairb\framework\Performance\Mission\mission     - INFO - ---- End DOC mission function ----
2021-04-22 21:25:00,103 - c:\users\aarc8\documents\github\mdoairb\framework\Performance\Mission\mission     - INFO - DOC mission execution time: 0:00:25.004566
2021-04-22 21:25:00,108 - c:\users\aarc8\documents\github\mdoairb\framework\Performance\Mission\mission     - INFO - ---- Start DOC mission function ----
2021-04-22 21:25:25,391 - c:\users\aarc8\documents\github\mdoairb\framework\Performance\Mission\mission     - INFO - ---- End DOC mission function ----
2021-04-22 21:25:25,391 - c:\users\aarc8\documents\github\mdoairb\framework\Performance\Mission\mission     - INFO - DOC mission execution time: 0:00:25.283381
2021-04-22 21:25:25,396 - c:\users\aarc8\documents\github\mdoairb\framework\Performance\Mission\mission     - INFO - ---- Start DOC mission function ----
2021-04-22 21:25:50,479 - c:\users\aarc8\documents\github\mdoairb\framework\Performance\Mission\mission     - INFO - ---- End DOC mission function ----
2021-04-22 21:25:50,479 - c:\users\aarc8\documents\github\mdoairb\framework\Performance\Mission\mission     - INFO - DOC mission execution time: 0:00:25.083320
2021-04-22 21:25:50,484 - c:\users\aarc8\documents\github\mdoairb\framework\Performance\Mission\mission     - INFO - ---- Start DOC mission function ----
2021-04-22 21:26:06,918 - c:\users\aarc8\documents\github\mdoairb\framework\Performance\Mission\mission     - INFO - ---- End DOC mission function ----
2021-04-22 21:26:06,918 - c:\users\aarc8\documents\github\mdoairb\framework\Performance\Mission\mission     - INFO - DOC mission execution time: 0:00:16.433724
2021-04-22 21:26:06,923 - c:\users\aarc8\documents\github\mdoairb\framework\Performance\Mission\mission     - INFO - ---- Start DOC mission function ----
2021-04-22 21:26:26,513 - c:\users\aarc8\documents\github\mdoairb\framework\Performance\Mission\mission     - INFO - ---- End DOC mission function ----
2021-04-22 21:26:26,513 - c:\users\aarc8\documents\github\mdoairb\framework\Performance\Mission\mission     - INFO - DOC mission execution time: 0:00:19.589874
2021-04-22 21:26:26,517 - c:\users\aarc8\documents\github\mdoairb\framework\Performance\Mission\mission     - INFO - ---- Start DOC mission function ----
  - INFO - Mission sizing execution time: 0:00:16.046992
2021-04-22 21:11:19,716 - c:\users\aarc8\documents\github\mdoairb\framework\Performance\Mission\mission_sizing     - INFO - ---- Start mission sizing function ----
2021-04-22 21:11:35,768 - c:\users\aarc8\documents\github\mdoairb\framework\Performance\Mission\mission_sizing     - INFO - ---- End mission sizing function ----
2021-04-22 21:11:35,769 - c:\users\aarc8\documents\github\mdoairb\framework\Performance\Mission\mission_sizing     - INFO - Mission sizing execution time: 0:00:16.053790
2021-04-22 21:11:35,769 - c:\users\aarc8\documents\github\mdoairb\framework\Performance\Mission\mission_sizing     - INFO - ---- Start mission sizing function ----
2021-04-22 21:11:51,904 - c:\users\aarc8\documents\github\mdoairb\framework\Performance\Mission\mission_sizing     - INFO - ---- End mission sizing function ----
2021-04-22 21:11:51,905 - c:\users\aarc8\documents\github\mdoairb\framework\Performance\Mission\mission_sizing     - INFO - Mission sizing execution time: 0:00:16.135548
2021-04-22 21:11:51,905 - c:\users\aarc8\documents\github\mdoairb\framework\Performance\Mission\mission_sizing     - INFO - ---- Start mission sizing function ----
2021-04-22 21:12:07,428 - c:\users\aarc8\documents\github\mdoairb\framework\Performance\Mission\mission_sizing     - INFO - ---- End mission sizing function ----
2021-04-22 21:12:07,429 - c:\users\aarc8\documents\github\mdoairb\framework\Performance\Mission\mission_sizing     - INFO - Mission sizing execution time: 0:00:15.523854
2021-04-22 21:12:07,429 - c:\users\aarc8\documents\github\mdoairb\framework\Performance\Mission\mission_sizing     - INFO - ---- Start mission sizing function ----
2021-04-22 21:12:23,758 - c:\users\aarc8\documents\github\mdoairb\framework\Performance\Mission\mission_sizing     - INFO - ---- End mission sizing function ----
2021-04-22 21:12:23,759 - c:\users\aarc8\documents\github\mdoairb\framework\Performance\Mission\mission_sizing     - INFO - Mission sizing execution time: 0:00:16.330035
2021-04-22 21:11:42,266 - c:\users\aarc8\documents\github\mdoairb\framework\Performance\Mission\mission_sizing     - INFO - ---- Start mission sizing function ----
2021-04-22 21:11:51,630 - c:\users\aarc8\documents\github\mdoairb\framework\Performance\Mission\mission_sizing     - INFO - ---- End mission sizing function ----
2021-04-22 21:11:51,631 - c:\users\aarc8\documents\github\mdoairb\framework\Performance\Mission\mission_sizing     - INFO - Mission sizing execution time: 0:00:09.365415
2021-04-22 21:13:54,727 - c:\users\aarc8\documents\github\mdoairb\framework\Performance\Mission\mission_sizing     - INFO - ---- Start mission sizing function ----
2021-04-22 21:14:08,814 - c:\users\aarc8\documents\github\mdoairb\framework\Performance\Mission\mission_sizing     - INFO - ---- End mission sizing function ----
2021-04-22 21:14:08,814 - c:\users\aarc8\documents\github\mdoairb\framework\Performance\Mission\mission_sizing     - INFO - Mission sizing execution time: 0:00:14.086633
2021-04-22 21:14:08,814 - c:\users\aarc8\documents\github\mdoairb\framework\Performance\Mission\mission_sizing     - INFO - ---- Start mission sizing function ----
2021-04-22 21:14:23,193 - c:\users\aarc8\documents\github\mdoairb\framework\Performance\Mission\mission_sizing     - INFO - ---- End mission sizing function ----
2021-04-22 21:14:23,193 - c:\users\aarc8\documents\github\mdoairb\framework\Performance\Mission\mission_sizing     - INFO - Mission sizing execution time: 0:00:14.378992
2021-04-22 21:14:23,194 - c:\users\aarc8\documents\github\mdoairb\framework\Performance\Mission\mission_sizing     - INFO - ---- Start mission sizing function ----
2021-04-22 21:14:41,693 - c:\users\aarc8\documents\github\mdoairb\framework\Performance\Mission\mission_sizing     - INFO - ---- End mission sizing function ----
2021-04-22 21:14:41,693 - c:\users\aarc8\documents\github\mdoairb\framework\Performance\Mission\mission_sizing     - INFO - Mission sizing execution time: 0:00:18.498674
2021-04-22 21:14:41,694 - c:\users\aarc8\documents\github\mdoairb\framework\Performance\Mission\mission_sizing     - INFO - ---- Start mission sizing function ----
2021-04-22 21:14:55,924 - c:\users\aarc8\documents\github\mdoairb\framework\Performance\Mission\mission_sizing     - INFO - ---- End mission sizing function ----
2021-04-22 21:14:55,925 - c:\users\aarc8\documents\github\mdoairb\framework\Performance\Mission\mission_sizing     - INFO - Mission sizing execution time: 0:00:14.231110
2021-04-22 21:14:55,925 - c:\users\aarc8\documents\github\mdoairb\framework\Performance\Mission\mission_sizing     - INFO - ---- Start mission sizing function ----
2021-04-22 21:15:10,215 - c:\users\aarc8\documents\github\mdoairb\framework\Performance\Mission\mission_sizing     - INFO - ---- End mission sizing function ----
2021-04-22 21:15:10,216 - c:\users\aarc8\documents\github\mdoairb\framework\Performance\Mission\mission_sizing     - INFO - Mission sizing execution time: 0:00:14.291181
2021-04-22 21:15:10,216 - c:\users\aarc8\documents\github\mdoairb\framework\Performance\Mission\mission_sizing     - INFO - ---- Start mission sizing function ----
2021-04-22 21:15:24,085 - c:\users\aarc8\documents\github\mdoairb\framework\Performance\Mission\mission_sizing     - INFO - ---- End mission sizing function ----
2021-04-22 21:15:24,085 - c:\users\aarc8\documents\github\mdoairb\framework\Performance\Mission\mission_sizing     - INFO - Mission sizing execution time: 0:00:13.869627
2021-04-22 21:15:24,086 - c:\users\aarc8\documents\github\mdoairb\framework\Performance\Mission\mission_sizing     - INFO - ---- Start mission sizing function ----
2021-04-22 21:15:37,911 - c:\users\aarc8\documents\github\mdoairb\framework\Performance\Mission\mission_sizing     - INFO - ---- End mission sizing function ----
2021-04-22 21:15:37,912 - c:\users\aarc8\documents\github\mdoairb\framework\Performance\Mission\mission_sizing     - INFO - Mission sizing execution time: 0:00:13.825715
2021-04-22 21:18:33,933 - c:\users\aarc8\documents\github\mdoairb\framework\Performance\Mission\mission_sizing     - INFO - ---- Start mission sizing function ----
2021-04-22 21:18:50,822 - c:\users\aarc8\documents\github\mdoairb\framework\Performance\Mission\mission_sizing     - INFO - ---- End mission sizing function ----
2021-04-22 21:18:50,823 - c:\users\aarc8\documents\github\mdoairb\framework\Performance\Mission\mission_sizing     - INFO - Mission sizing execution time: 0:00:16.889366
2021-04-22 21:18:50,823 - c:\users\aarc8\documents\github\mdoairb\framework\Performance\Mission\mission_sizing     - INFO - ---- Start mission sizing function ----
2021-04-22 21:19:07,495 - c:\users\aarc8\documents\github\mdoairb\framework\Performance\Mission\mission_sizing     - INFO - ---- End mission sizing function ----
2021-04-22 21:19:07,495 - c:\users\aarc8\documents\github\mdoairb\framework\Performance\Mission\mission_sizing     - INFO - Mission sizing execution time: 0:00:16.672791
2021-04-22 21:19:07,496 - c:\users\aarc8\documents\github\mdoairb\framework\Performance\Mission\mission_sizing     - INFO - ---- Start mission sizing function ----
2021-04-22 21:19:24,074 - c:\users\aarc8\documents\github\mdoairb\framework\Performance\Mission\mission_sizing     - INFO - ---- End mission sizing function ----
2021-04-22 21:19:24,075 - c:\users\aarc8\documents\github\mdoairb\framework\Performance\Mission\mission_sizing     - INFO - Mission sizing execution time: 0:00:16.580083
2021-04-22 21:19:24,075 - c:\users\aarc8\documents\github\mdoairb\framework\Performance\Mission\mission_sizing     - INFO - ---- Start mission sizing function ----
2021-04-22 21:19:40,968 - c:\users\aarc8\documents\github\mdoairb\framework\Performance\Mission\mission_sizing     - INFO - ---- End mission sizing function ----
2021-04-22 21:19:40,968 - c:\users\aarc8\documents\github\mdoairb\framework\Performance\Mission\mission_sizing     - INFO - Mission sizing execution time: 0:00:16.892787
2021-04-22 21:19:40,969 - c:\users\aarc8\documents\github\mdoairb\framework\Performance\Mission\mission_sizing     - INFO - ---- Start mission sizing function ----
2021-04-22 21:19:57,755 - c:\users\aarc8\documents\github\mdoairb\framework\Performance\Mission\mission_sizing     - INFO - ---- End mission sizing function ----
2021-04-22 21:19:57,756 - c:\users\aarc8\documents\github\mdoairb\framework\Performance\Mission\mission_sizing     - INFO - Mission sizing execution time: 0:00:16.786266
2021-04-22 21:19:57,756 - c:\users\aarc8\documents\github\mdoairb\framework\Performance\Mission\mission_sizing     - INFO - ---- Start mission sizing function ----
2021-04-22 21:20:14,229 - c:\users\aarc8\documents\github\mdoairb\framework\Performance\Mission\mission_sizing     - INFO - ---- End mission sizing function ----
2021-04-22 21:20:14,230 - c:\users\aarc8\documents\github\mdoairb\framework\Performance\Mission\mission_sizing     - INFO - Mission sizing execution time: 0:00:16.474063
2021-04-22 21:06:57,174 - c:\users\aarc8\documents\github\mdoairb\framework\Performance\Mission\mission_sizing     - INFO - ---- Start mission sizing function ----
2021-04-22 21:07:10,991 - c:\users\aarc8\documents\github\mdoairb\framework\Performance\Mission\mission_sizing     - INFO - ---- End mission sizing function ----
2021-04-22 21:07:10,992 - c:\users\aarc8\documents\github\mdoairb\framework\Performance\Mission\mission_sizing     - INFO - Mission sizing execution time: 0:00:13.818240
2021-04-22 21:07:10,992 - c:\users\aarc8\documents\github\mdoairb\framework\Performance\Mission\mission_sizing     - INFO - ---- Start mission sizing function ----
2021-04-22 21:07:24,653 - c:\users\aarc8\documents\github\mdoairb\framework\Performance\Mission\mission_sizing     - INFO - ---- End mission sizing function ----
2021-04-22 21:07:24,655 - c:\users\aarc8\documents\github\mdoairb\framework\Performance\Mission\mission_sizing     - INFO - Mission sizing execution time: 0:00:13.663109
2021-04-22 21:10:29,958 - c:\users\aarc8\documents\github\mdoairb\framework\Performance\Mission\mission_sizing     - INFO - ---- Start mission sizing function ----
2021-04-22 21:10:42,656 - c:\users\aarc8\documents\github\mdoairb\framework\Performance\Mission\mission_sizing     - INFO - ---- End mission sizing function ----
2021-04-22 21:10:42,656 - c:\users\aarc8\documents\github\mdoairb\framework\Performance\Mission\mission_sizing     - INFO - Mission sizing execution time: 0:00:12.697400
2021-04-22 21:10:42,657 - c:\users\aarc8\documents\github\mdoairb\framework\Performance\Mission\mission_sizing     - INFO - ---- Start mission sizing function ----
2021-04-22 21:10:57,285 - c:\users\aarc8\documents\github\mdoairb\framework\Performance\Mission\mission_sizing     - INFO - ---- End mission sizing function ----
2021-04-22 21:10:57,285 - c:\users\aarc8\documents\github\mdoairb\framework\Performance\Mission\mission_sizing     - INFO - Mission sizing execution time: 0:00:14.628218
2021-04-22 21:10:57,286 - c:\users\aarc8\documents\github\mdoairb\framework\Performance\Mission\mission_sizing     - INFO - ---- Start mission sizing function ----
2021-04-22 21:11:12,475 - c:\users\aarc8\documents\github\mdoairb\framework\Performance\Mission\mission_sizing     - INFO - ---- End mission sizing function ----
2021-04-22 21:11:12,476 - c:\users\aarc8\documents\github\mdoairb\framework\Performance\Mission\mission_sizing     - INFO - Mission sizing execution time: 0:00:15.188577
2021-04-22 21:11:12,476 - c:\users\aarc8\documents\github\mdoairb\framework\Performance\Mission\mission_sizing     - INFO - ---- Start mission sizing function ----
2021-04-22 21:11:25,653 - c:\users\aarc8\documents\github\mdoairb\framework\Performance\Mission\mission_sizing     - INFO - ---- End mission sizing function ----
2021-04-22 21:11:25,654 - c:\users\aarc8\documents\github\mdoairb\framework\Performance\Mission\mission_sizing     - INFO - Mission sizing execution time: 0:00:13.178837
2021-04-22 21:11:25,654 - c:\users\aarc8\documents\github\mdoairb\framework\Performance\Mission\mission_sizing     - INFO - ---- Start mission sizing function ----
2021-04-22 21:11:38,851 - c:\users\aarc8\documents\github\mdoairb\framework\Performance\Mission\mission_sizing     - INFO - ---- End mission sizing function ----
2021-04-22 21:11:38,852 - c:\users\aarc8\documents\github\mdoairb\framework\Performance\Mission\mission_sizing     - INFO - Mission sizing execution time: 0:00:13.197083
2021-04-22 21:14:46,267 - c:\users\aarc8\documents\github\mdoairb\framework\Performance\Mission\mission_sizing     - INFO - ---- Start mission sizing function ----
2021-04-22 21:14:57,543 - c:\users\aarc8\documents\github\mdoairb\framework\Performance\Mission\mission_sizing     - INFO - ---- End mission sizing function ----
2021-04-22 21:14:57,544 - c:\users\aarc8\documents\github\mdoairb\framework\Performance\Mission\mission_sizing     - INFO - Mission sizing execution time: 0:00:11.276201
2021-04-22 21:14:57,544 - c:\users\aarc8\documents\github\mdoairb\framework\Performance\Mission\mission_sizing     - INFO - ---- Start mission sizing function ----
2021-04-22 21:15:10,024 - c:\users\aarc8\documents\github\mdoairb\framework\Performance\Mission\mission_sizing     - INFO - ---- End mission sizing function ----
2021-04-22 21:15:10,025 - c:\users\aarc8\documents\github\mdoairb\framework\Performance\Mission\mission_sizing     - INFO - Mission sizing execution time: 0:00:12.481880
2021-04-22 21:15:10,025 - c:\users\aarc8\documents\github\mdoairb\framework\Performance\Mission\mission_sizing     - INFO - ---- Start mission sizing function ----
2021-04-22 21:15:22,508 - c:\users\aarc8\documents\github\mdoairb\framework\Performance\Mission\mission_sizing     - INFO - ---- End mission sizing function ----
2021-04-22 21:15:22,509 - c:\users\aarc8\documents\github\mdoairb\framework\Performance\Mission\mission_sizing     - INFO - Mission sizing execution time: 0:00:12.483143
2021-04-22 21:15:22,509 - c:\users\aarc8\documents\github\mdoairb\framework\Performance\Mission\mission_sizing     - INFO - ---- Start mission sizing function ----
2021-04-22 21:15:35,297 - c:\users\aarc8\documents\github\mdoairb\framework\Performance\Mission\mission_sizing     - INFO - ---- End mission sizing function ----
2021-04-22 21:15:35,297 - c:\users\aarc8\documents\github\mdoairb\framework\Performance\Mission\mission_sizing     - INFO - Mission sizing execution time: 0:00:12.788324
2021-04-22 21:15:35,298 - c:\users\aarc8\documents\github\mdoairb\framework\Performance\Mission\mission_sizing     - INFO - ---- Start mission sizing function ----
2021-04-22 21:15:47,295 - c:\users\aarc8\documents\github\mdoairb\framework\Performance\Mission\mission_sizing     - INFO - ---- End mission sizing function ----
2021-04-22 21:15:47,296 - c:\users\aarc8\documents\github\mdoairb\framework\Performance\Mission\mission_sizing     - INFO - Mission sizing execution time: 0:00:11.998039
2021-04-22 21:15:47,296 - c:\users\aarc8\documents\github\mdoairb\framework\Performance\Mission\mission_sizing     - INFO - ---- Start mission sizing function ----
2021-04-22 21:15:59,645 - c:\users\aarc8\documents\github\mdoairb\framework\Performance\Mission\mission_sizing     - INFO - ---- End mission sizing function ----
2021-04-22 21:15:59,645 - c:\users\aarc8\documents\github\mdoairb\framework\Performance\Mission\mission_sizing     - INFO - Mission sizing execution time: 0:00:12.349002
2021-04-22 21:15:59,646 - c:\users\aarc8\documents\github\mdoairb\framework\Performance\Mission\mission_sizing     - INFO - ---- Start mission sizing function ----
2021-04-22 21:16:12,141 - c:\users\aarc8\documents\github\mdoairb\framework\Performance\Mission\mission_sizing     - INFO - ---- End mission sizing function ----
2021-04-22 21:16:12,142 - c:\users\aarc8\documents\github\mdoairb\framework\Performance\Mission\mission_sizing     - INFO - Mission sizing execution time: 0:00:12.494135
2021-04-22 21:16:12,142 - c:\users\aarc8\documents\github\mdoairb\framework\Performance\Mission\mission_sizing     - INFO - ---- Start mission sizing function ----
2021-04-22 21:16:24,407 - c:\users\aarc8\documents\github\mdoairb\framework\Performance\Mission\mission_sizing     - INFO - ---- End mission sizing function ----
2021-04-22 21:16:24,408 - c:\users\aarc8\documents\github\mdoairb\framework\Performance\Mission\mission_sizing     - INFO - Mission sizing execution time: 0:00:12.266590
2021-04-22 21:16:24,408 - c:\users\aarc8\documents\github\mdoairb\framework\Performance\Mission\mission_sizing     - INFO - ---- Start mission sizing function ----
2021-04-22 21:16:36,647 - c:\users\aarc8\documents\github\mdoairb\framework\Performance\Mission\mission_sizing     - INFO - ---- End mission sizing function ----
2021-04-22 21:16:36,648 - c:\users\aarc8\documents\github\mdoairb\framework\Performance\Mission\mission_sizing     - INFO - Mission sizing execution time: 0:00:12.239417
2021-04-22 21:16:36,648 - c:\users\aarc8\documents\github\mdoairb\framework\Performance\Mission\mission_sizing     - INFO - ---- Start mission sizing function ----
2021-04-22 21:16:48,556 - c:\users\aarc8\documents\github\mdoairb\framework\Performance\Mission\mission_sizing     - INFO - ---- End mission sizing function ----
2021-04-22 21:16:48,556 - c:\users\aarc8\documents\github\mdoairb\framework\Performance\Mission\mission_sizing     - INFO - Mission sizing execution time: 0:00:11.908657
2021-04-22 21:02:59,001 - c:\users\aarc8\documents\github\mdoairb\framework\Performance\Mission\mission_sizing     - INFO - ---- Start mission sizing function ----
2021-04-22 21:03:11,143 - c:\users\aarc8\documents\github\mdoairb\framework\Performance\Mission\mission_sizing     - INFO - ---- End mission sizing function ----
2021-04-22 21:03:11,144 - c:\users\aarc8\documents\github\mdoairb\framework\Performance\Mission\mission_sizing     - INFO - Mission sizing execution time: 0:00:12.143974
2021-04-22 21:03:11,144 - c:\users\aarc8\documents\github\mdoairb\framework\Performance\Mission\mission_sizing     - INFO - ---- Start mission sizing function ----
2021-04-22 21:03:23,820 - c:\users\aarc8\documents\github\mdoairb\framework\Performance\Mission\mission_sizing     - INFO - ---- End mission sizing function ----
2021-04-22 21:03:23,821 - c:\users\aarc8\documents\github\mdoairb\framework\Performance\Mission\mission_sizing     - INFO - Mission sizing execution time: 0:00:12.676911
2021-04-22 21:03:23,821 - c:\users\aarc8\documents\github\mdoairb\framework\Performance\Mission\mission_sizing     - INFO - ---- Start mission sizing function ----
2021-04-22 21:03:40,799 - c:\users\aarc8\documents\github\mdoairb\framework\Performance\Mission\mission_sizing     - INFO - ---- End mission sizing function ----
2021-04-22 21:03:40,800 - c:\users\aarc8\documents\github\mdoairb\framework\Performance\Mission\mission_sizing     - INFO - Mission sizing execution time: 0:00:16.978616
2021-04-22 21:03:40,800 - c:\users\aarc8\documents\github\mdoairb\framework\Performance\Mission\mission_sizing     - INFO - ---- Start mission sizing function ----
2021-04-22 21:03:50,902 - c:\users\aarc8\documents\github\mdoairb\framework\Performance\Mission\mission_sizing     - INFO - ---- End mission sizing function ----
2021-04-22 21:03:50,902 - c:\users\aarc8\documents\github\mdoairb\framework\Performance\Mission\mission_sizing     - INFO - Mission sizing execution time: 0:00:10.101757
2021-04-22 21:03:50,903 - c:\users\aarc8\documents\github\mdoairb\framework\Performance\Mission\mission_sizing     - INFO - ---- Start mission sizing function ----
2021-04-22 21:04:00,667 - c:\users\aarc8\documents\github\mdoairb\framework\Performance\Mission\mission_sizing     - INFO - ---- End mission sizing function ----
2021-04-22 21:04:00,667 - c:\users\aarc8\documents\github\mdoairb\framework\Performance\Mission\mission_sizing     - INFO - Mission sizing execution time: 0:00:09.764170
2021-04-22 21:04:00,668 - c:\users\aarc8\documents\github\mdoairb\framework\Performance\Mission\mission_sizing     - INFO - ---- Start mission sizing function ----
2021-04-22 21:04:10,324 - c:\users\aarc8\documents\github\mdoairb\framework\Performance\Mission\mission_sizing     - INFO - ---- End mission sizing function ----
2021-04-22 21:04:10,325 - c:\users\aarc8\documents\github\mdoairb\framework\Performance\Mission\mission_sizing     - INFO - Mission sizing execution time: 0:00:09.657274
2021-04-22 21:06:20,414 - c:\users\aarc8\documents\github\mdoairb\framework\Performance\Mission\mission_sizing     - INFO - ---- Start mission sizing function ----
2021-04-22 21:06:34,146 - c:\users\aarc8\documents\github\mdoairb\framework\Performance\Mission\mission_sizing     - INFO - ---- End mission sizing function ----
2021-04-22 21:06:34,147 - c:\users\aarc8\documents\github\mdoairb\framework\Performance\Mission\mission_sizing     - INFO - Mission sizing execution time: 0:00:13.733470
2021-04-22 21:06:34,147 - c:\users\aarc8\documents\github\mdoairb\framework\Performance\Mission\mission_sizing     - INFO - ---- Start mission sizing function ----
2021-04-22 21:06:47,443 - c:\users\aarc8\documents\github\mdoairb\framework\Performance\Mission\mission_sizing     - INFO - ---- End mission sizing function ----
2021-04-22 21:06:47,444 - c:\users\aarc8\documents\github\mdoairb\framework\Performance\Mission\mission_sizing     - INFO - Mission sizing execution time: 0:00:13.296548
2021-04-22 21:06:47,444 - c:\users\aarc8\documents\github\mdoairb\framework\Performance\Mission\mission_sizing     - INFO - ---- Start mission sizing function ----
2021-04-22 21:07:01,197 - c:\users\aarc8\documents\github\mdoairb\framework\Performance\Mission\mission_sizing     - INFO - ---- End mission sizing function ----
2021-04-22 21:07:01,198 - c:\users\aarc8\documents\github\mdoairb\framework\Performance\Mission\mission_sizing     - INFO - Mission sizing execution time: 0:00:13.754189
2021-04-22 21:07:01,199 - c:\users\aarc8\documents\github\mdoairb\framework\Performance\Mission\mission_sizing     - INFO - ---- Start mission sizing function ----
2021-04-22 21:07:14,989 - c:\users\aarc8\documents\github\mdoairb\framework\Performance\Mission\mission_sizing     - INFO - ---- End mission sizing function ----
2021-04-22 21:07:14,990 - c:\users\aarc8\documents\github\mdoairb\framework\Performance\Mission\mission_sizing     - INFO - Mission sizing execution time: 0:00:13.791413
2021-04-22 21:07:14,990 - c:\users\aarc8\documents\github\mdoairb\framework\Performance\Mission\mission_sizing     - INFO - ---- Start mission sizing function ----
2021-04-22 21:07:27,690 - c:\users\aarc8\documents\github\mdoairb\framework\Performance\Mission\mission_sizing     - INFO - ---- End mission sizing function ----
2021-04-22 21:07:27,690 - c:\users\aarc8\documents\github\mdoairb\framework\Performance\Mission\mission_sizing     - INFO - Mission sizing execution time: 0:00:12.699625
2021-04-22 21:07:27,691 - c:\users\aarc8\documents\github\mdoairb\framework\Performance\Mission\mission_sizing     - INFO - ---- Start mission sizing function ----
2021-04-22 21:07:41,127 - c:\users\aarc8\documents\github\mdoairb\framework\Performance\Mission\mission_sizing     - INFO - ---- End mission sizing function ----
2021-04-22 21:07:41,127 - c:\users\aarc8\documents\github\mdoairb\framework\Performance\Mission\mission_sizing     - INFO - Mission sizing execution time: 0:00:13.436085
2021-04-22 21:07:41,128 - c:\users\aarc8\documents\github\mdoairb\framework\Performance\Mission\mission_sizing     - INFO - ---- Start mission sizing function ----
2021-04-22 21:07:54,886 - c:\users\aarc8\documents\github\mdoairb\framework\Performance\Mission\mission_sizing     - INFO - ---- End mission sizing function ----
2021-04-22 21:07:54,886 - c:\users\aarc8\documents\github\mdoairb\framework\Performance\Mission\mission_sizing     - INFO - Mission sizing execution time: 0:00:13.758192
2021-04-22 21:10:30,216 - c:\users\aarc8\documents\github\mdoairb\framework\Performance\Mission\mission_sizing     - INFO - ---- Start mission sizing function ----
2021-04-22 21:10:48,184 - c:\users\aarc8\documents\github\mdoairb\framework\Performance\Mission\mission_sizing     - INFO - ---- End mission sizing function ----
2021-04-22 21:10:48,184 - c:\users\aarc8\documents\github\mdoairb\framework\Performance\Mission\mission_sizing     - INFO - Mission sizing execution time: 0:00:17.968128
2021-04-22 21:10:48,185 - c:\users\aarc8\documents\github\mdoairb\framework\Performance\Mission\mission_sizing     - INFO - ---- Start mission sizing function ----
2021-04-22 21:11:07,642 - c:\users\aarc8\documents\github\mdoairb\framework\Performance\Mission\mission_sizing     - INFO - ---- End mission sizing function ----
2021-04-22 21:11:07,643 - c:\users\aarc8\documents\github\mdoairb\framework\Performance\Mission\mission_sizing     - INFO - Mission sizing execution time: 0:00:19.458484
2021-04-22 21:11:07,643 - c:\users\aarc8\documents\github\mdoairb\framework\Performance\Mission\mission_sizing     - INFO - ---- Start mission sizing function ----
2021-04-22 21:11:24,361 - c:\users\aarc8\documents\github\mdoairb\framework\Performance\Mission\mission_sizing     - INFO - ---- End mission sizing function ----
2021-04-22 21:11:24,361 - c:\users\aarc8\documents\github\mdoairb\framework\Performance\Mission\mission_sizing     - INFO - Mission sizing execution time: 0:00:16.717428
2021-04-22 21:11:24,362 - c:\users\aarc8\documents\github\mdoairb\framework\Performance\Mission\mission_sizing     - INFO - ---- Start mission sizing function ----
2021-04-22 21:11:40,939 - c:\users\aarc8\documents\github\mdoairb\framework\Performance\Mission\mission_sizing     - INFO - ---- End mission sizing function ----
2021-04-22 21:11:40,939 - c:\users\aarc8\documents\github\mdoairb\framework\Performance\Mission\mission_sizing     - INFO - Mission sizing execution time: 0:00:16.577670
2021-04-22 21:11:40,939 - c:\users\aarc8\documents\github\mdoairb\framework\Performance\Mission\mission_sizing     - INFO - ---- Start mission sizing function ----
2021-04-22 21:11:57,768 - c:\users\aarc8\documents\github\mdoairb\framework\Performance\Mission\mission_sizing     - INFO - ---- End mission sizing function ----
2021-04-22 21:11:57,768 - c:\users\aarc8\documents\github\mdoairb\framework\Performance\Mission\mission_sizing     - INFO - Mission sizing execution time: 0:00:16.828521
2021-04-22 21:11:57,769 - c:\users\aarc8\documents\github\mdoairb\framework\Performance\Mission\mission_sizing     - INFO - ---- Start mission sizing function ----
2021-04-22 21:12:14,583 - c:\users\aarc8\documents\github\mdoairb\framework\Performance\Mission\mission_sizing     - INFO - ---- End mission sizing function ----
2021-04-22 21:12:14,583 - c:\users\aarc8\documents\github\mdoairb\framework\Performance\Mission\mission_sizing     - INFO - Mission sizing execution time: 0:00:16.813537
2021-04-22 21:15:32,840 - c:\users\aarc8\documents\github\mdoairb\framework\Performance\Mission\mission_sizing     - INFO - ---- Start mission sizing function ----
2021-04-22 21:15:47,149 - c:\users\aarc8\documents\github\mdoairb\framework\Performance\Mission\mission_sizing     - INFO - ---- End mission sizing function ----
2021-04-22 21:15:47,150 - c:\users\aarc8\documents\github\mdoairb\framework\Performance\Mission\mission_sizing     - INFO - Mission sizing execution time: 0:00:14.309346
2021-04-22 21:15:47,150 - c:\users\aarc8\documents\github\mdoairb\framework\Performance\Mission\mission_sizing     - INFO - ---- Start mission sizing function ----
2021-04-22 21:16:01,512 - c:\users\aarc8\documents\github\mdoairb\framework\Performance\Mission\mission_sizing     - INFO - ---- End mission sizing function ----
2021-04-22 21:16:01,513 - c:\users\aarc8\documents\github\mdoairb\framework\Performance\Mission\mission_sizing     - INFO - Mission sizing execution time: 0:00:14.362997
2021-04-22 21:16:01,513 - c:\users\aarc8\documents\github\mdoairb\framework\Performance\Mission\mission_sizing     - INFO - ---- Start mission sizing function ----
2021-04-22 21:16:15,643 - c:\users\aarc8\documents\github\mdoairb\framework\Performance\Mission\mission_sizing     - INFO - ---- End mission sizing function ----
2021-04-22 21:16:15,644 - c:\users\aarc8\documents\github\mdoairb\framework\Performance\Mission\mission_sizing     - INFO - Mission sizing execution time: 0:00:14.131407
2021-04-22 21:16:15,644 - c:\users\aarc8\documents\github\mdoairb\framework\Performance\Mission\mission_sizing     - INFO - ---- Start mission sizing function ----
2021-04-22 21:16:29,492 - c:\users\aarc8\documents\github\mdoairb\framework\Performance\Mission\mission_sizing     - INFO - ---- End mission sizing function ----
2021-04-22 21:16:29,492 - c:\users\aarc8\documents\github\mdoairb\framework\Performance\Mission\mission_sizing     - INFO - Mission sizing execution time: 0:00:13.848194
2021-04-22 21:16:29,493 - c:\users\aarc8\documents\github\mdoairb\framework\Performance\Mission\mission_sizing     - INFO - ---- Start mission sizing function ----
2021-04-22 21:16:43,156 - c:\users\aarc8\documents\github\mdoairb\framework\Performance\Mission\mission_sizing     - INFO - ---- End mission sizing function ----
2021-04-22 21:16:43,157 - c:\users\aarc8\documents\github\mdoairb\framework\Performance\Mission\mission_sizing     - INFO - Mission sizing execution time: 0:00:13.663359
2021-04-22 21:16:43,157 - c:\users\aarc8\documents\github\mdoairb\framework\Performance\Mission\mission_sizing     - INFO - ---- Start mission sizing function ----
2021-04-22 21:16:56,747 - c:\users\aarc8\documents\github\mdoairb\framework\Performance\Mission\mission_sizing     - INFO - ---- End mission sizing function ----
2021-04-22 21:16:56,748 - c:\users\aarc8\documents\github\mdoairb\framework\Performance\Mission\mission_sizing     - INFO - Mission sizing execution time: 0:00:13.591791
2021-04-22 21:19:52,761 - c:\users\aarc8\documents\github\mdoairb\framework\Performance\Mission\mission_sizing     - INFO - ---- Start mission sizing function ----
2021-04-22 21:20:07,080 - c:\users\aarc8\documents\github\mdoairb\framework\Performance\Mission\mission_sizing     - INFO - ---- End mission sizing function ----
2021-04-22 21:20:07,080 - c:\users\aarc8\documents\github\mdoairb\framework\Performance\Mission\mission_sizing     - INFO - Mission sizing execution time: 0:00:14.318963
2021-04-22 21:20:07,081 - c:\users\aarc8\documents\github\mdoairb\framework\Performance\Mission\mission_sizing     - INFO - ---- Start mission sizing function ----
2021-04-22 21:20:20,607 - c:\users\aarc8\documents\github\mdoairb\framework\Performance\Mission\mission_sizing     - INFO - ---- End mission sizing function ----
2021-04-22 21:20:20,608 - c:\users\aarc8\documents\github\mdoairb\framework\Performance\Mission\mission_sizing     - INFO - Mission sizing execution time: 0:00:13.527166
2021-04-22 21:20:20,608 - c:\users\aarc8\documents\github\mdoairb\framework\Performance\Mission\mission_sizing     - INFO - ---- Start mission sizing function ----
2021-04-22 21:20:34,259 - c:\users\aarc8\documents\github\mdoairb\framework\Performance\Mission\mission_sizing     - INFO - ---- End mission sizing function ----
2021-04-22 21:20:34,259 - c:\users\aarc8\documents\github\mdoairb\framework\Performance\Mission\mission_sizing     - INFO - Mission sizing execution time: 0:00:13.651610
2021-04-22 21:20:34,259 - c:\users\aarc8\documents\github\mdoairb\framework\Performance\Mission\mission_sizing     - INFO - ---- Start mission sizing function ----
2021-04-22 21:20:47,406 - c:\users\aarc8\documents\github\mdoairb\framework\Performance\Mission\mission_sizing     - INFO - ---- End mission sizing function ----
2021-04-22 21:20:47,406 - c:\users\aarc8\documents\github\mdoairb\framework\Performance\Mission\mission_sizing     - INFO - Mission sizing execution time: 0:00:13.146771
2021-04-22 21:20:47,407 - c:\users\aarc8\documents\github\mdoairb\framework\Performance\Mission\mission_sizing     - INFO - ---- Start mission sizing function ----
2021-04-22 21:21:02,179 - c:\users\aarc8\documents\github\mdoairb\framework\Performance\Mission\mission_sizing     - INFO - ---- End mission sizing function ----
2021-04-22 21:21:02,180 - c:\users\aarc8\documents\github\mdoairb\framework\Performance\Mission\mission_sizing     - INFO - Mission sizing execution time: 0:00:14.772987
2021-04-22 21:21:02,180 - c:\users\aarc8\documents\github\mdoairb\framework\Performance\Mission\mission_sizing     - INFO - ---- Start mission sizing function ----
2021-04-22 21:21:16,559 - c:\users\aarc8\documents\github\mdoairb\framework\Performance\Mission\mission_sizing     - INFO - ---- End mission sizing function ----
2021-04-22 21:21:16,560 - c:\users\aarc8\documents\github\mdoairb\framework\Performance\Mission\mission_sizing     - INFO - Mission sizing execution time: 0:00:14.380249
2021-04-22 21:21:16,560 - c:\users\aarc8\documents\github\mdoairb\framework\Performance\Mission\mission_sizing     - INFO - ---- Start mission sizing function ----
2021-04-22 21:21:31,251 - c:\users\aarc8\documents\github\mdoairb\framework\Performance\Mission\mission_sizing     - INFO - ---- End mission sizing function ----
2021-04-22 21:21:31,252 - c:\users\aarc8\documents\github\mdoairb\framework\Performance\Mission\mission_sizing     - INFO - Mission sizing execution time: 0:00:14.691195
