2021-02-16 16:05:23,275 - /home/alejandro/Documents/Github/GIT_IAANDOCAC/IAANDOCAC-aircraft-framework/aircraft_framework_win/framework_PhD/framework/Performance/Mission/mission     - INFO - ---- Start DOC mission function ----
2021-02-16 16:06:26,881 - /home/alejandro/Documents/Github/GIT_IAANDOCAC/IAANDOCAC-aircraft-framework/aircraft_framework_win/framework_PhD/framework/Performance/Mission/mission     - INFO - ---- End DOC mission function ----
2021-02-16 16:062021-02-16 17:38:45,607 - /home/alejandro/Documents/Github/GIT_IAANDOCAC/IAANDOCAC-aircraft-framework/aircraft_framework_win/framework_PhD/framework/Network/network_optimization     - INFO - Network optimization status: Undefined
:06:26,883 - /home/alejandro/Documents/Github/GIT_IAANDOCAC/IAANDOCAC-aircraft-framework/aircraft_framework_win/framework_PhD/framework/Performance/Mission/mission     - INFO - ---- Start DOC mission 2021-02-16 17:31:46,619 - /home/alejandro/Documents/Github/GIT_IAANDOCAC/IAANDOCAC-aircraft-framework/aircraft_framework_win/framework_PhD/framework/Economics/network_profit     - INFO - Aircraft DOC matrix: {('CD1', 'CD1'): 0, ('CD1', 'CD2'): 5893.528279074162, ('CD1', 'CD3'): 4592.303188529978, ('CD1', 'CD4'): 3886.6863304654476, ('CD1', 'CD5'): 11267.585907916171, ('CD1', 'CD6'): 8907.841896890432, ('CD1', 'CD7'): 7981.860582225345, ('CD1', 'CD8'): 8881.254545142197, ('CD1', 'CD9'): 5651.609632342075, ('CD1', 'CD10'): 3385.8515926301716, ('CD2', 'CD1'): 5893.528279074162, ('CD2', 'CD2'): 0, ('CD2', 'CD3'): 3815.346400331529, ('CD2', 'CD4'): 3912.0741687569684, ('CD2', 'CD5'): 9993.267154609975, ('CD2', 'CD6'): 9294.513979893485, ('CD2', 'CD7'): 11445.369166720442, ('CD2', 'CD8'): 4592.303188529978, ('CD2', 'CD9'): 10236.377769118379, ('CD2', 'CD10'): 6813.169690895958, ('CD3', 'CD1'): 4592.303188529978, ('CD3', 'CD2'): 3815.346400331529, ('CD3', 'CD3'): 0, ('CD3', 'CD4'): 4147.975534715499, ('CD3', 'CD5'): 8682.1297866614, ('CD3', 'CD6'): 7275.119294762315, ('CD3', 'CD7'): 8961.048037900366, ('CD3', 'CD8'): 6787.329490848858, ('CD3', 'CD9'): 8510.120802155276, ('CD3', 'CD10'): 4749.166165313642, ('CD4', 'CD1'): 3886.6863304654476, ('CD4', 'CD2'): 3912.0741687569684, ('CD4', 'CD3'): 4147.975534715499, ('CD4', 'CD4'): 0, ('CD4', 'CD5'): 11541.255560118869, ('CD4', 'CD6'): 9966.279046475911, ('CD4', 'CD7'): 10371.976658995876, ('CD4', 'CD8'): 6542.402575090992, ('CD4', 'CD9'): 8008.194240011297, ('CD4', 'CD10'): 5524.928563186372, ('CD5', 'CD1'): 11267.585907916171, ('CD5', 'CD2'): 9993.267154609975, ('CD5', 'CD3'): 8682.1297866614, ('CD5', 'CD4'): 11541.255560118869, ('CD5', 'CD5'): 0, ('CD5', 'CD6'): 4789.225557681168, ('CD5', 'CD7'): 10635.564993476784, ('CD5', 'CD8'): 11486.455550431156, ('CD5', 'CD9'): 14176.93639833809, ('CD5', 'CD10'): 9966.279046475911, ('CD6', 'CD1'): 8907.841896890432, ('CD6', 'CD2'): 9294.513979893485, ('CD6', 'CD3'): 7275.119294762315, ('CD6', 'CD4'): 9966.279046475911, ('CD6', 'CD5'): 4789.225557681168, ('CD6', 'CD6'): 0, ('CD6', 'CD7'): 7223.091310807297, ('CD6', 'CD8'): 11739.175839870642, ('CD6', 'CD9'): 10899.680294356896, ('CD6', 'CD10'): 7275.119294762315, ('CD7', 'CD1'): 7981.860582225345, ('CD7', 'CD2'): 11445.369166720442, ('CD7', 'CD3'): 8961.048037900366, ('CD7', 'CD4'): 10371.976658995876, ('CD7', 'CD5'): 10635.564993476784, ('CD7', 'CD6'): 7223.091310807297, ('CD7', 'CD7'): 0, ('CD7', 'CD8'): 14783.486422610657, ('CD7', 'CD9'): 6735.547437219968, ('CD7', 'CD10'): 6145.059099613509, ('CD8', 'CD1'): 8881.254545142197, ('CD8', 'CD2'): 4592.303188529978, ('CD8', 'CD3'): 6787.329490848858, ('CD8', 'CD4'): 6542.402575090992, ('CD8', 'CD5'): 11486.455550431156, ('CD8', 'CD6'): 11739.175839870642, ('CD8', 'CD7'): 14783.486422610657, ('CD8', 'CD8'): 0, ('CD8', 'CD9'): 13406.990430889848, ('CD8', 'CD10'): 9966.279046475911, ('CD9', 'CD1'): 5651.609632342075, ('CD9', 'CD2'): 10236.377769118379, ('CD9', 'CD3'): 8510.120802155276, ('CD9', 'CD4'): 8008.194240011297, ('CD9', 'CD5'): 14176.93639833809, ('CD9', 'CD6'): 10899.680294356896, ('CD9', 'CD7'): 6735.547437219968, ('CD9', 'CD8'): 13406.990430889848, ('CD9', 'CD9'): 0, ('CD9', 'CD10'): 5537.610535540054, ('CD10', 'CD1'): 3385.8515926301716, ('CD10', 'CD2'): 6813.169690895958, ('CD10', 'CD3'): 4749.166165313642, ('CD10', 'CD4'): 5524.928563186372, ('CD10', 'CD5'): 9966.279046475911, ('CD10', 'CD6'): 7275.119294762315, ('CD10', 'CD7'): 6145.059099613509, ('CD10', 'CD8'): 9966.279046475911, ('CD10', 'CD9'): 5537.610535540054, ('CD10', 'CD10'): 0}
2021-02-16 17:31:51,523 - /home/alejandro/Documents/Github/GIT_IAANDOCAC/IAANDOCAC-aircraft-framework/aircraft_framework_win/framework_PhD/framework/Economics/network_profit     - INFO - ---- Start Network Optimization ----
2021-02-16 17:39:02,923 - /home/alejandro/Documents/Github/GIT_IAANDOCAC/IAANDOCAC-aircraft-framework/aircraft_framework_win/framework_PhD/framework/Economics/network_profit     - INFO - Network profit [$USD]: 2684220.0
2021-02-16 17:39:02,924 - /home/alejandro/Documents/Github/GIT_IAANDOCAC/IAANDOCAC-aircraft-framework/aircraft_framework_win/framework_PhD/framework/Economics/network_profit     - INFO - Network profit excecution time: 1:38:08.086320
k/Performance/Mission/mission     - INFO - ---- End DOC mission function ----
2021-02-16 16:12:43,595 - /home/alejandro/Documents/Github/GIT_IAANDOCAC/IAANDOCAC-aircraft-framework/aircraft_framework_win/framework_PhD/framework/Performance/Mission/mission     - INFO - DOC mission execution time: 0:01:03.640102
2021-02-16 16:12:43,597 - /home/alejandro/Documents/Github/GIT_IAANDOCAC/IAANDOCAC-aircraft-framework/aircraft_framework_win/framework_PhD/framework/Performance/Mission/mission     - INFO - ---- Start DOC mission function ----
2021-02-16 16:13:11,633 - /home/alejandro/Documents/Github/GIT_IAANDOCAC/IAANDOCAC-aircraft-framework/aircraft_framework_win/framework_PhD/framework/Performance/Mission/mission     - INFO - ---- End DOC mission function ----
2021-02-16 16:13:11,635 - /home/alejandro/Documents/Github/GIT_IAANDOCAC/IAANDOCAC-aircraft-framework/aircraft_framework_win/framework_PhD/framework/Performance/Mission/mission     - INFO - DOC mission execution time: 0:00:28.038267
2021-02-16 16:13:11,635 - /home/alejandro/Documents/Github/GIT_IAANDOCAC/IAANDOCAC-aircraft-framework/aircraft_framework_win/framework_PhD/framework/Performance/Mission/mission     - INFO - ---- Start DOC mission function ----
2021-02-16 16:14:15,502 - /home/alejandro/Documents/Github/GIT_IAANDOCAC/IAANDOCAC-aircraft-framework/aircraft_framework_win/framework_PhD/framework/Performance/Mission/mission     - INFO - ---- End DOC mission function ----
2021-02-16 16:14:15,504 - /home/alejandro/Documents/Github/GIT_IAANDOCAC/IAANDOCAC-aircraft-framework/aircraft_framework_win/framework_PhD/framework/Performance/Mission/mission     - INFO - DOC mission execution time: 0:01:03.868790
2021-02-16 16:14:15,507 - /home/alejandro/Documents/Github/GIT_IAANDOCAC/IAANDOCAC-aircraft-framework/aircraft_framework_win/framework_PhD/framework/Performance/Mission/mission     - INFO - ---- Start DOC mission function ----
2021-02-16 16:14:45,179 - /home/alejandro/Documents/Github/GIT_IAANDOCAC/IAANDOCAC-aircraft-framework/aircraft_framework_win/framework_PhD/framework/Performance/Mission/mission     - INFO - ---- End DOC mission function ----
2021-02-16 16:14:45,182 - /home/alejandro/Documents/Github/GIT_IAANDOCAC/IAANDOCAC-aircraft-framework/aircraft_framework_win/framework_PhD/framework/Performance/Mission/mission     - INFO - DOC mission execution time: 0:00:29.675173
2021-02-16 16:14:45,184 - /home/alejandro/Documents/Github/GIT_IAANDOCAC/IAANDOCAC-aircraft-framework/aircraft_framework_win/framework_PhD/framework/Performance/Mission/mission     - INFO - ---- Start DOC mission function ----
2021-02-16 16:15:16,056 - /home/alejandro/Documents/Github/GIT_IAANDOCAC/IAANDOCAC-aircraft-framework/aircraft_framework_win/framework_PhD/framework/Performance/Mission/mission     - INFO - ---- End DOC mission function ----
2021-02-16 16:15:16,056 - /home/alejandro/Documents/Github/GIT_IAANDOCAC/IAANDOCAC-aircraft-framework/aircraft_framework_win/framework_PhD/framework/Performance/Mission/mission     - INFO - DOC mission execution time: 0:00:30.872271
2021-02-16 16:15:16,056 - /home/alejandro/Documents/Github/GIT_IAANDOCAC/IAANDOCAC-aircraft-framework/aircraft_framework_win/framework_PhD/framework/Performance/Mission/mission     - INFO - ---- Start DOC mission function ----
2021-02-16 16:16:19,207 - /home/alejandro/Documents/Github/GIT_IAANDOCAC/IAANDOCAC-aircraft-framework/aircraft_framework_win/framework_PhD/framework/Performance/Mission/mission     - INFO - ---- End DOC mission function ----
2021-02-16 16:16:19,209 - /home/alejandro/Documents/Github/GIT_IAANDOCAC/IAANDOCAC-aircraft-framework/aircraft_framework_win/framework_PhD/framework/Performance/Mission/mission     - INFO - DOC mission execution time: 0:01:03.152966
2021-02-16 16:16:19,211 - /home/alejandro/Documents/Github/GIT_IAANDOCAC/IAANDOCAC-aircraft-framework/aircraft_framework_win/framework_PhD/framework/Performance/Mission/mission     - INFO - ---- Start DOC mission function ----
2021-02-16 16:17:22,343 - /home/alejandro/Documents/Github/GIT_IAANDOCAC/IAANDOCAC-aircraft-framework/aircraft_framework_win/framework_PhD/framework/Performance/Mission/mission     - INFO - ---- End DOC mission function ----
2021-02-16 16:17:22,345 - /home/alejandro/Documents/Github/GIT_IAANDOCAC/IAANDOCAC-aircraft-framework/aircraft_framework_win/framework_PhD/framework/Performance/Mission/mission     - INFO - DOC mission execution time: 0:01:03.134005
2021-02-16 16:17:22,347 - /home/alejandro/Documents/Github/GIT_IAANDOCAC/IAANDOCAC-aircraft-framework/aircraft_framework_win/framework_PhD/framework/Performance/Mission/mission     - INFO - ---- Start DOC mission function ----
2021-02-16 16:18:25,109 - /home/alejandro/Documents/Github/GIT_IAANDOCAC/IAANDOCAC-aircraft-framework/aircraft_framework_win/framework_PhD/framework/Performance/Mission/mission     - INFO - ---- End DOC mission function ----
2021-02-16 16:18:25,110 - /home/alejandro/Documents/Github/GIT_IAANDOCAC/IAANDOCAC-aircraft-framework/aircraft_framework_win/framework_PhD/framework/Performance/Mission/mission     - INFO - DOC mission execution time: 0:01:02.762017
2021-02-16 16:18:25,110 - /home/alejandro/Documents/Github/GIT_IAANDOCAC/IAANDOCAC-aircraft-framework/aircraft_framework_win/framework_PhD/framework/Performance/Mission/mission     - INFO - ---- Start DOC mission function ----
2021-02-16 16:18:56,230 - /home/alejandro/Documents/Github/GIT_IAANDOCAC/IAANDOCAC-aircraft-framework/aircraft_framework_win/framework_PhD/framework/Performance/Mission/mission     - INFO - ---- End DOC mission function ----
2021-02-16 16:18:56,232 - /home/alejandro/Documents/Github/GIT_IAANDOCAC/IAANDOCAC-aircraft-framework/aircraft_framework_win/framework_PhD/framework/Performance/Mission/mission     - INFO - DOC mission execution time: 0:00:31.122537
2021-02-16 16:18:56,235 - /home/alejandro/Documents/Github/GIT_IAANDOCAC/IAANDOCAC-aircraft-framework/aircraft_framework_win/framework_PhD/framework/Performance/Mission/mission     - INFO - ---- Start DOC mission function ----
2021-02-16 16:19:59,514 - /home/alejandro/Documents/Github/GIT_IAANDOCAC/IAANDOCAC-aircraft-framework/aircraft_framework_win/framework_PhD/framework/Performance/Mission/mission     - INFO - ---- End DOC mission function ----
2021-02-16 16:19:59,517 - /home/alejandro/Documents/Github/GIT_IAANDOCAC/IAANDOCAC-aircraft-framework/aircraft_framework_win/framework_PhD/framework/Performance/Mission/mission     - INFO - DOC mission execution time: 0:01:03.281601
2021-02-16 16:19:59,519 - /home/alejandro/Documents/Github/GIT_IAANDOCAC/IAANDOCAC-aircraft-framework/aircraft_framework_win/framework_PhD/framework/Performance/Mission/mission     - INFO - ---- Start DOC mission function ----
2021-02-16 16:21:01,919 - /home/alejandro/Documents/Github/GIT_IAANDOCAC/IAANDOCAC-aircraft-framework/aircraft_framework_win/framework_PhD/framework/Performance/Mission/mission     - INFO - ---- End DOC mission function ----
2021-02-16 16:21:01,920 - /home/alejandro/Documents/Github/GIT_IAANDOCAC/IAANDOCAC-aircraft-framework/aircraft_framework_win/framework_PhD/framework/Performance/Mission/mission     - INFO - DOC mission execution time: 0:01:02.400713
2021-02-16 16:21:01,920 - /home/alejandro/Documents/Github/GIT_IAANDOCAC/IAANDOCAC-aircraft-framework/aircraft_framework_win/framework_PhD/framework/Performance/Mission/mission     - INFO - ---- Start DOC mission function ----
2021-02-16 16:21:32,848 - /home/alejandro/Documents/Github/GIT_IAANDOCAC/IAANDOCAC-aircraft-framework/aircraft_framework_win/framework_PhD/framework/Performance/Mission/mission     - INFO - ---- End DOC mission function ----
2021-02-16 16:21:32,851 - /home/alejandro/Documents/Github/GIT_IAANDOCAC/IAANDOCAC-aircraft-framework/aircraft_framework_win/framework_PhD/framework/Performance/Mission/mission     - INFO - DOC mission execution time: 0:00:30.931153
2021-02-16 16:21:32,863 - /home/alejandro/Documents/Github/GIT_IAANDOCAC/IAANDOCAC-aircraft-framework/aircraft_framework_win/framework_PhD/framework/Performance/Mission/mission     - INFO - ---- Start DOC mission function ----
2021-02-16 16:22:03,560 - /home/alejandro/Documents/Github/GIT_IAANDOCAC/IAANDOCAC-aircraft-framework/aircraft_framework_win/framework_PhD/framework/Performance/Mission/mission     - INFO - ---- End DOC mission function ----
2021-02-16 16:22:03,562 - /home/alejandro/Documents/Github/GIT_IAANDOCAC/IAANDOCAC-aircraft-framework/aircraft_framework_win/framework_PhD/framework/Performance/Mission/mission     - INFO - DOC mission execution time: 0:00:30.698680
2021-02-16 16:22:03,564 - /home/alejandro/Documents/Github/GIT_IAANDOCAC/IAANDOCAC-aircraft-framework/aircraft_framework_win/framework_PhD/framework/Performance/Mission/mission     - INFO - ---- Start DOC mission function ----
2021-02-16 16:22:33,532 - /home/alejandro/Documents/Github/GIT_IAANDOCAC/IAANDOCAC-aircraft-framework/aircraft_framework_win/framework_PhD/framework/Performance/Mission/mission     - INFO - ---- End DOC mission function ----
2021-02-16 16:22:33,535 - /home/alejandro/Documents/Github/GIT_IAANDOCAC/IAANDOCAC-aircraft-framework/aircraft_framework_win/framework_PhD/framework/Performance/Mission/mission     - INFO - DOC mission execution time: 0:00:29.970332
2021-02-16 16:22:33,537 - /home/alejandro/Documents/Github/GIT_IAANDOCAC/IAANDOCAC-aircraft-framework/aircraft_framework_win/framework_PhD/framework/Performance/Mission/mission     - INFO - ---- Start DOC mission function ----
2021-02-16 16:23:36,586 - /home/alejandro/Documents/Github/GIT_IAANDOCAC/IAANDOCAC-aircraft-framework/aircraft_framework_win/framework_PhD/framework/Performance/Mission/mission     - INFO - ---- End DOC mission function ----
2021-02-16 16:23:36,588 - /home/alejandro/Documents/Github/GIT_IAANDOCAC/IAANDOCAC-aircraft-framework/aircraft_framework_win/framework_PhD/framework/Performance/Mission/mission     - INFO - DOC mission execution time: 0:01:03.051445
2021-02-16 16:23:36,598 - /home/alejandro/Documents/Github/GIT_IAANDOCAC/IAANDOCAC-aircraft-framework/aircraft_framework_win/framework_PhD/framework/Performance/Mission/mission     - INFO - ---- Start DOC mission function ----
2021-02-16 16:24:39,432 - /home/alejandro/Documents/Github/GIT_IAANDOCAC/IAANDOCAC-aircraft-framework/aircraft_framework_win/framework_PhD/framework/Performance/Mission/mission     - INFO - ---- End DOC mission function ----
2021-02-16 16:24:39,434 - /home/alejandro/Documents/Github/GIT_IAANDOCAC/IAANDOCAC-aircraft-framework/aircraft_framework_win/framework_PhD/framework/Performance/Mission/mission     - INFO - DOC mission execution time: 0:01:02.835541
2021-02-16 16:24:39,436 - /home/alejandro/Documents/Github/GIT_IAANDOCAC/IAANDOCAC-aircraft-framework/aircraft_framework_win/framework_PhD/framework/Performance/Mission/mission     - INFO - ---- Start DOC mission function ----
2021-02-16 16:25:42,081 - /home/alejandro/Documents/Github/GIT_IAANDOCAC/IAANDOCAC-aircraft-framework/aircraft_framework_win/framework_PhD/framework/Performance/Mission/mission     - INFO - ---- End DOC mission function ----
2021-02-16 16:25:42,084 - /home/alejandro/Documents/Github/GIT_IAANDOCAC/IAANDOCAC-aircraft-framework/aircraft_framework_win/framework_PhD/framework/Performance/Mission/mission     - INFO - DOC mission execution time: 0:01:02.647623
2021-02-16 16:25:42,086 - /home/alejandro/Documents/Github/GIT_IAANDOCAC/IAANDOCAC-aircraft-framework/aircraft_framework_win/framework_PhD/framework/Performance/Mission/mission     - INFO - ---- Start DOC mission function ----
2021-02-16 16:26:48,608 - /home/alejandro/Documents/Github/GIT_IAANDOCAC/IAANDOCAC-aircraft-framework/aircraft_framework_win/framework_PhD/framework/Performance/Mission/mission     - INFO - ---- End DOC mission function ----
2021-02-16 16:26:48,610 - /home/alejandro/Documents/Github/GIT_IAANDOCAC/IAANDOCAC-aircraft-framework/aircraft_framework_win/framework_PhD/framework/Performance/Mission/mission     - INFO - DOC mission execution time: 0:01:06.523958
2021-02-16 16:26:48,610 - /home/alejandro/Documents/Github/GIT_IAANDOCAC/IAANDOCAC-aircraft-framework/aircraft_framework_win/framework_PhD/framework/Performance/Mission/mission     - INFO - ---- Start DOC mission function ----
2021-02-16 16:27:51,353 - /home/alejandro/Documents/Github/GIT_IAANDOCAC/IAANDOCAC-aircraft-framework/aircraft_framework_win/framework_PhD/framework/Performance/Mission/mission     - INFO - ---- End DOC mission function ----
2021-02-16 16:27:51,356 - /home/alejandro/Documents/Github/GIT_IAANDOCAC/IAANDOCAC-aircraft-framework/aircraft_framework_win/framework_PhD/framework/Performance/Mission/mission     - INFO - DOC mission execution time: 0:01:02.745887
2021-02-16 16:27:51,357 - /home/alejandro/Documents/Github/GIT_IAANDOCAC/IAANDOCAC-aircraft-framework/aircraft_framework_win/framework_PhD/framework/Performance/Mission/mission     - INFO - ---- Start DOC mission function ----
2021-02-16 16:28:22,652 - /home/alejandro/Documents/Github/GIT_IAANDOCAC/IAANDOCAC-aircraft-framework/aircraft_framework_win/framework_PhD/framework/Performance/Mission/mission     - INFO - ---- End DOC mission function ----
2021-02-16 16:28:22,654 - /home/alejandro/Documents/Github/GIT_IAANDOCAC/IAANDOCAC-aircraft-framework/aircraft_framework_win/framework_PhD/framework/Performance/Mission/mission     - INFO - DOC mission execution time: 0:00:31.297313
2021-02-16 16:28:22,657 - /home/alejandro/Documents/Github/GIT_IAANDOCAC/IAANDOCAC-aircraft-framework/aircraft_framework_win/framework_PhD/framework/Performance/Mission/mission     - INFO - ---- Start DOC mission function ----
2021-02-16 16:28:52,749 - /home/alejandro/Documents/Github/GIT_IAANDOCAC/IAANDOCAC-aircraft-framework/aircraft_framework_win/framework_PhD/framework/Performance/Mission/mission     - INFO - ---- End DOC mission function ----
2021-02-16 16:28:52,752 - /home/alejandro/Documents/Github/GIT_IAANDOCAC/IAANDOCAC-aircraft-framework/aircraft_framework_win/framework_PhD/framework/Performance/Mission/mission     - INFO - DOC mission execution time: 0:00:30.095030
2021-02-16 16:28:52,754 - /home/alejandro/Documents/Github/GIT_IAANDOCAC/IAANDOCAC-aircraft-framework/aircraft_framework_win/framework_PhD/framework/Performance/Mission/mission     - INFO - ---- Start DOC mission function ----
2021-02-16 16:29:23,066 - /home/alejandro/Documents/Github/GIT_IAANDOCAC/IAANDOCAC-aircraft-framework/aircraft_framework_win/framework_PhD/framework/Performance/Mission/mission     - INFO - ---- End DOC mission function ----
2021-02-16 16:29:23,069 - /home/alejandro/Documents/Github/GIT_IAANDOCAC/IAANDOCAC-aircraft-framework/aircraft_framework_win/framework_PhD/framework/Performance/Mission/mission     - INFO - DOC mission execution time: 0:00:30.314970
2021-02-16 16:29:23,071 - /home/alejandro/Documents/Github/GIT_IAANDOCAC/IAANDOCAC-aircraft-framework/aircraft_framework_win/framework_PhD/framework/Performance/Mission/mission     - INFO - ---- Start DOC mission function ----
2021-02-16 16:29:53,018 - /home/alejandro/Documents/Github/GIT_IAANDOCAC/IAANDOCAC-aircraft-framework/aircraft_framework_win/framework_PhD/framework/Performance/Mission/mission     - INFO - ---- End DOC mission function ----
2021-02-16 16:29:53,020 - /home/alejandro/Documents/Github/GIT_IAANDOCAC/IAANDOCAC-aircraft-framework/aircraft_framework_win/framework_PhD/framework/Performance/Mission/mission     - INFO - DOC mission execution time: 0:00:29.949529
2021-02-16 16:29:53,022 - /home/alejandro/Documents/Github/GIT_IAANDOCAC/IAANDOCAC-aircraft-framework/aircraft_framework_win/framework_PhD/framework/Performance/Mission/mission     - INFO - ---- Start DOC mission function ----
2021-02-16 16:30:57,844 - /home/alejandro/Documents/Github/GIT_IAANDOCAC/IAANDOCAC-aircraft-framework/aircraft_framework_win/framework_PhD/framework/Performance/Mission/mission     - INFO - ---- End DOC mission function ----
2021-02-16 16:30:57,845 - /home/alejandro/Documents/Github/GIT_IAANDOCAC/IAANDOCAC-aircraft-framework/aircraft_framework_win/framework_PhD/framework/Performance/Mission/mission     - INFO - DOC mission execution time: 0:01:04.822352
2021-02-16 16:30:57,845 - /home/alejandro/Documents/Github/GIT_IAANDOCAC/IAANDOCAC-aircraft-framework/aircraft_framework_win/framework_PhD/framework/Performance/Mission/mission     - INFO - ---- Start DOC mission function ----
2021-02-16 16:32:01,332 - /home/alejandro/Documents/Github/GIT_IAANDOCAC/IAANDOCAC-aircraft-framework/aircraft_framework_win/framework_PhD/framework/Performance/Mission/mission     - INFO - ---- End DOC mission function ----
2021-02-16 16:32:01,332 - /home/alejandro/Documents/Github/GIT_IAANDOCAC/IAANDOCAC-aircraft-framework/aircraft_framework_win/framework_PhD/framework/Performance/Mission/mission     - INFO - DOC mission execution time: 0:01:03.487558
2021-02-16 16:32:01,333 - /home/alejandro/Documents/Github/GIT_IAANDOCAC/IAANDOCAC-aircraft-framework/aircraft_framework_win/framework_PhD/framework/Performance/Mission/mission     - INFO - ---- Start DOC mission function ----
2021-02-16 16:33:04,813 - /home/alejandro/Documents/Github/GIT_IAANDOCAC/IAANDOCAC-aircraft-framework/aircraft_framework_win/framework_PhD/framework/Performance/Mission/mission     - INFO - ---- End DOC mission function ----
2021-02-16 16:33:04,815 - /home/alejandro/Documents/Github/GIT_IAANDOCAC/IAANDOCAC-aircraft-framework/aircraft_framework_win/framework_PhD/framework/Performance/Mission/mission     - INFO - DOC mission execution time: 0:01:03.482287
2021-02-16 16:33:04,817 - /home/alejandro/Documents/Github/GIT_IAANDOCAC/IAANDOCAC-aircraft-framework/aircraft_framework_win/framework_PhD/framework/Performance/Mission/mission     - INFO - ---- Start DOC mission function ----
2021-02-16 16:34:07,843 - /home/alejandro/Documents/Github/GIT_IAANDOCAC/IAANDOCAC-aircraft-framework/aircraft_framework_win/framework_PhD/framework/Performance/Mission/mission     - INFO - ---- End DOC mission function ----
2021-02-16 16:34:07,845 - /home/alejandro/Documents/Github/GIT_IAANDOCAC/IAANDOCAC-aircraft-framework/aircraft_framework_win/framework_PhD/framework/Performance/Mission/mission     - INFO - DOC mission execution time: 0:01:03.027882
2021-02-16 16:34:07,847 - /home/alejandro/Documents/Github/GIT_IAANDOCAC/IAANDOCAC-aircraft-framework/aircraft_framework_win/framework_PhD/framework/Performance/Mission/mission     - INFO - ---- Start DOC mission function ----
2021-02-16 16:35:10,894 - /home/alejandro/Documents/Github/GIT_IAANDOCAC/IAANDOCAC-aircraft-framework/aircraft_framework_win/framework_PhD/framework/Performance/Mission/mission     - INFO - ---- End DOC mission function ----
2021-02-16 16:35:10,896 - /home/alejandro/Documents/Github/GIT_IAANDOCAC/IAANDOCAC-aircraft-framework/aircraft_framework_win/framework_PhD/framework/Performance/Mission/mission     - INFO - DOC mission execution time: 0:01:03.049424
2021-02-16 16:35:10,899 - /home/alejandro/Documents/Github/GIT_IAANDOCAC/IAANDOCAC-aircraft-framework/aircraft_framework_win/framework_PhD/framework/Performance/Mission/mission     - INFO - ---- Start DOC mission function ----
2021-02-16 16:36:12,412 - /home/alejandro/Documents/Github/GIT_IAANDOCAC/IAANDOCAC-aircraft-framework/aircraft_framework_win/framework_PhD/framework/Performance/Mission/mission     - INFO - ---- End DOC mission function ----
2021-02-16 16:36:12,414 - /home/alejandro/Documents/Github/GIT_IAANDOCAC/IAANDOCAC-aircraft-framework/aircraft_framework_win/framework_PhD/framework/Performance/Mission/mission     - INFO - DOC mission execution time: 0:01:01.515476
2021-02-16 16:36:12,416 - /home/alejandro/Documents/Github/GIT_IAANDOCAC/IAANDOCAC-aircraft-framework/aircraft_framework_win/framework_PhD/framework/Performance/Mission/mission     - INFO - ---- Start DOC mission function ----
2021-02-16 16:37:15,759 - /home/alejandro/Documents/Github/GIT_IAANDOCAC/IAANDOCAC-aircraft-framework/aircraft_framework_win/framework_PhD/framework/Performance/Mission/mission     - INFO - ---- End DOC mission function ----
2021-02-16 16:37:15,761 - /home/alejandro/Documents/Github/GIT_IAANDOCAC/IAANDOCAC-aircraft-framework/aircraft_framework_win/framework_PhD/framework/Performance/Mission/mission     - INFO - DOC mission execution time: 0:01:03.344965
2021-02-16 16:37:15,764 - /home/alejandro/Documents/Github/GIT_IAANDOCAC/IAANDOCAC-aircraft-framework/aircraft_framework_win/framework_PhD/framework/Performance/Mission/mission     - INFO - ---- Start DOC mission function ----
2021-02-16 16:38:19,239 - /home/alejandro/Documents/Github/GIT_IAANDOCAC/IAANDOCAC-aircraft-framework/aircraft_framework_win/framework_PhD/framework/Performance/Mission/mission     - INFO - ---- End DOC mission function ----
2021-02-16 16:38:19,239 - /home/alejandro/Documents/Github/GIT_IAANDOCAC/IAANDOCAC-aircraft-framework/aircraft_framework_win/framework_PhD/framework/Performance/Mission/mission     - INFO - DOC mission execution time: 0:01:03.475021
2021-02-16 16:38:19,239 - /home/alejandro/Documents/Github/GIT_IAANDOCAC/IAANDOCAC-aircraft-framework/aircraft_framework_win/framework_PhD/framework/Performance/Mission/mission     - INFO - ---- Start DOC mission function ----
2021-02-16 16:39:22,603 - /home/alejandro/Documents/Github/GIT_IAANDOCAC/IAANDOCAC-aircraft-framework/aircraft_framework_win/framework_PhD/framework/Performance/Mission/mission     - INFO - ---- End DOC mission function ----
2021-02-16 16:39:22,606 - /home/alejandro/Documents/Github/GIT_IAANDOCAC/IAANDOCAC-aircraft-framework/aircraft_framework_win/framework_PhD/framework/Performance/Mission/mission     - INFO - DOC mission execution time: 0:01:03.366420
2021-02-16 16:39:22,608 - /home/alejandro/Documents/Github/GIT_IAANDOCAC/IAANDOCAC-aircraft-framework/aircraft_framework_win/framework_PhD/framework/Performance/Mission/mission     - INFO - ---- Start DOC mission function ----
2021-02-16 16:40:25,710 - /home/alejandro/Documents/Github/GIT_IAANDOCAC/IAANDOCAC-aircraft-framework/aircraft_framework_win/framework_PhD/framework/Performance/Mission/mission     - INFO - ---- End DOC mission function ----
2021-02-16 16:40:25,713 - /home/alejandro/Documents/Github/GIT_IAANDOCAC/IAANDOCAC-aircraft-framework/aircraft_framework_win/framework_PhD/framework/Performance/Mission/mission     - INFO - DOC mission execution time: 0:01:03.104727
2021-02-16 16:40:25,715 - /home/alejandro/Documents/Github/GIT_IAANDOCAC/IAANDOCAC-aircraft-framework/aircraft_framework_win/framework_PhD/framework/Performance/Mission/mission     - INFO - ---- Start DOC mission function ----
2021-02-16 16:40:57,621 - /home/alejandro/Documents/Github/GIT_IAANDOCAC/IAANDOCAC-aircraft-framework/aircraft_framework_win/framework_PhD/framework/Performance/Mission/mission     - INFO - ---- End DOC mission function ----
2021-02-16 16:40:57,623 - /home/alejandro/Documents/Github/GIT_IAANDOCAC/IAANDOCAC-aircraft-framework/aircraft_framework_win/framework_PhD/framework/Performance/Mission/mission     - INFO - DOC mission execution time: 0:00:31.908493
2021-02-16 16:40:57,623 - /home/alejandro/Documents/Github/GIT_IAANDOCAC/IAANDOCAC-aircraft-framework/aircraft_framework_win/framework_PhD/framework/Performance/Mission/mission     - INFO - ---- Start DOC mission function ----
2021-02-16 16:42:01,290 - /home/alejandro/Documents/Github/GIT_IAANDOCAC/IAANDOCAC-aircraft-framework/aircraft_framework_win/framework_PhD/framework/Performance/Mission/mission     - INFO - ---- End DOC mission function ----
2021-02-16 16:42:01,293 - /home/alejandro/Documents/Github/GIT_IAANDOCAC/IAANDOCAC-aircraft-framework/aircraft_framework_win/framework_PhD/framework/Performance/Mission/mission     - INFO - DOC mission execution time: 0:01:03.669028
2021-02-16 16:42:01,293 - /home/alejandro/Documents/Github/GIT_IAANDOCAC/IAANDOCAC-aircraft-framework/aircraft_framework_win/framework_PhD/framework/Performance/Mission/mission     - INFO - ---- Start DOC mission function ----
2021-02-16 16:43:03,833 - /home/alejandro/Documents/Github/GIT_IAANDOCAC/IAANDOCAC-aircraft-framework/aircraft_framework_win/framework_PhD/framework/Performance/Mission/mission     - INFO - ---- End DOC mission function ----
2021-02-16 16:43:03,836 - /home/alejandro/Documents/Github/GIT_IAANDOCAC/IAANDOCAC-aircraft-framework/aircraft_framework_win/framework_PhD/framework/Performance/Mission/mission     - INFO - DOC mission execution time: 0:01:02.542742
2021-02-16 16:43:03,838 - /home/alejandro/Documents/Github/GIT_IAANDOCAC/IAANDOCAC-aircraft-framework/aircraft_framework_win/framework_PhD/framework/Performance/Mission/mission     - INFO - ---- Start DOC mission function ----
2021-02-16 16:43:46,312 - /home/alejandro/Documents/Github/GIT_IAANDOCAC/IAANDOCAC-aircraft-framework/aircraft_framework_win/framework_PhD/framework/Performance/Mission/mission     - INFO - ---- End DOC mission function ----
2021-02-16 16:43:46,314 - /home/alejandro/Documents/Github/GIT_IAANDOCAC/IAANDOCAC-aircraft-framework/aircraft_framework_win/framework_PhD/framework/Performance/Mission/mission     - INFO - DOC mission execution time: 0:00:42.476438
2021-02-16 16:43:46,316 - /home/alejandro/Documents/Github/GIT_IAANDOCAC/IAANDOCAC-aircraft-framework/aircraft_framework_win/framework_PhD/framework/Performance/Mission/mission     - INFO - ---- Start DOC mission function ----
2021-02-16 16:44:49,616 - /home/alejandro/Documents/Github/GIT_IAANDOCAC/IAANDOCAC-aircraft-framework/aircraft_framework_win/framework_PhD/framework/Performance/Mission/mission     - INFO - ---- End DOC mission function ----
2021-02-16 16:44:49,619 - /home/alejandro/Documents/Github/GIT_IAANDOCAC/IAANDOCAC-aircraft-framework/aircraft_framework_win/framework_PhD/framework/Performance/Mission/mission     - INFO - DOC mission execution time: 0:01:03.302818
2021-02-16 16:44:49,621 - /home/alejandro/Documents/Github/GIT_IAANDOCAC/IAANDOCAC-aircraft-framework/aircraft_framework_win/framework_PhD/framework/Performance/Mission/mission     - INFO - ---- Start DOC mission function ----
2021-02-16 16:45:52,842 - /home/alejandro/Documents/Github/GIT_IAANDOCAC/IAANDOCAC-aircraft-framework/aircraft_framework_win/framework_PhD/framework/Performance/Mission/mission     - INFO - ---- End DOC mission function ----
2021-02-16 16:45:52,843 - /home/alejandro/Documents/Github/GIT_IAANDOCAC/IAANDOCAC-aircraft-framework/aircraft_framework_win/framework_PhD/framework/Performance/Mission/mission     - INFO - DOC mission execution time: 0:01:03.221683
2021-02-16 16:45:52,843 - /home/alejandro/Documents/Github/GIT_IAANDOCAC/IAANDOCAC-aircraft-framework/aircraft_framework_win/framework_PhD/framework/Performance/Mission/mission     - INFO - ---- Start DOC mission function ----
2021-02-16 16:46:55,803 - /home/alejandro/Documents/Github/GIT_IAANDOCAC/IAANDOCAC-aircraft-framework/aircraft_framework_win/framework_PhD/framework/Performance/Mission/mission     - INFO - ---- End DOC mission function ----
2021-02-16 16:46:55,805 - /home/alejandro/Documents/Github/GIT_IAANDOCAC/IAANDOCAC-aircraft-framework/aircraft_framework_win/framework_PhD/framework/Performance/Mission/mission     - INFO - DOC mission execution time: 0:01:02.962394
2021-02-16 16:46:55,807 - /home/alejandro/Documents/Github/GIT_IAANDOCAC/IAANDOCAC-aircraft-framework/aircraft_framework_win/framework_PhD/framework/Performance/Mission/mission     - INFO - ---- Start DOC mission function ----
2021-02-16 16:47:59,139 - /home/alejandro/Documents/Github/GIT_IAANDOCAC/IAANDOCAC-aircraft-framework/aircraft_framework_win/framework_PhD/framework/Performance/Mission/mission     - INFO - ---- End DOC mission function ----
2021-02-16 16:47:59,141 - /home/alejandro/Documents/Github/GIT_IAANDOCAC/IAANDOCAC-aircraft-framework/aircraft_framework_win/framework_PhD/framework/Performance/Mission/mission     - INFO - DOC mission execution time: 0:01:03.333670
2021-02-16 16:47:59,141 - /home/alejandro/Documents/Github/GIT_IAANDOCAC/IAANDOCAC-aircraft-framework/aircraft_framework_win/framework_PhD/framework/Performance/Mission/mission     - INFO - ---- Start DOC mission function ----
2021-02-16 16:49:02,800 - /home/alejandro/Documents/Github/GIT_IAANDOCAC/IAANDOCAC-aircraft-framework/aircraft_framework_win/framework_PhD/framework/Performance/Mission/mission     - INFO - ---- End DOC mission function ----
2021-02-16 16:49:02,801 - /home/alejandro/Documents/Github/GIT_IAANDOCAC/IAANDOCAC-aircraft-framework/aircraft_framework_win/framework_PhD/framework/Performance/Mission/mission     - INFO - DOC mission execution time: 0:01:03.659301
2021-02-16 16:49:02,801 - /home/alejandro/Documents/Github/GIT_IAANDOCAC/IAANDOCAC-aircraft-framework/aircraft_framework_win/framework_PhD/framework/Performance/Mission/mission     - INFO - ---- Start DOC mission function ----
2021-02-16 16:49:34,385 - /home/alejandro/Documents/Github/GIT_IAANDOCAC/IAANDOCAC-aircraft-framework/aircraft_framework_win/framework_PhD/framework/Performance/Mission/mission     - INFO - ---- End DOC mission function ----
2021-02-16 16:49:34,386 - /home/alejandro/Documents/Github/GIT_IAANDOCAC/IAANDOCAC-aircraft-framework/aircraft_framework_win/framework_PhD/framework/Performance/Mission/mission     - INFO - DOC mission execution time: 0:00:31.584654
2021-02-16 16:49:34,386 - /home/alejandro/Documents/Github/GIT_IAANDOCAC/IAANDOCAC-aircraft-framework/aircraft_framework_win/framework_PhD/framework/Performance/Mission/mission     - INFO - ---- Start DOC mission function ----
2021-02-16 16:50:38,017 - /home/alejandro/Documents/Github/GIT_IAANDOCAC/IAANDOCAC-aircraft-framework/aircraft_framework_win/framework_PhD/framework/Performance/Mission/mission     - INFO - ---- End DOC mission function ----
2021-02-16 16:50:38,019 - /home/alejandro/Documents/Github/GIT_IAANDOCAC/IAANDOCAC-aircraft-framework/aircraft_framework_win/framework_PhD/framework/Performance/Mission/mission     - INFO - DOC mission execution time: 0:01:03.633606
2021-02-16 16:50:38,021 - /home/alejandro/Documents/Github/GIT_IAANDOCAC/IAANDOCAC-aircraft-framework/aircraft_framework_win/framework_PhD/framework/Performance/Mission/mission     - INFO - ---- Start DOC mission function ----
2021-02-16 16:51:21,553 - /home/alejandro/Documents/Github/GIT_IAANDOCAC/IAANDOCAC-aircraft-framework/aircraft_framework_win/framework_PhD/framework/Performance/Mission/mission     - INFO - ---- End DOC mission function ----
2021-02-16 16:51:21,555 - /home/alejandro/Documents/Github/GIT_IAANDOCAC/IAANDOCAC-aircraft-framework/aircraft_framework_win/framework_PhD/framework/Performance/Mission/mission     - INFO - DOC mission execution time: 0:00:43.533710
2021-02-16 16:51:21,557 - /home/alejandro/Documents/Github/GIT_IAANDOCAC/IAANDOCAC-aircraft-framework/aircraft_framework_win/framework_PhD/framework/Performance/Mission/mission     - INFO - ---- Start DOC mission function ----
2021-02-16 16:52:25,501 - /home/alejandro/Documents/Github/GIT_IAANDOCAC/IAANDOCAC-aircraft-framework/aircraft_framework_win/framework_PhD/framework/Performance/Mission/mission     - INFO - ---- End DOC mission function ----
2021-02-16 16:52:25,503 - /home/alejandro/Documents/Github/GIT_IAANDOCAC/IAANDOCAC-aircraft-framework/aircraft_framework_win/framework_PhD/framework/Performance/Mission/mission     - INFO - DOC mission execution time: 0:01:03.945794
2021-02-16 16:52:25,505 - /home/alejandro/Documents/Github/GIT_IAANDOCAC/IAANDOCAC-aircraft-framework/aircraft_framework_win/framework_PhD/framework/Performance/Mission/mission     - INFO - ---- Start DOC mission function ----
2021-02-16 16:53:28,412 - /home/alejandro/Documents/Github/GIT_IAANDOCAC/IAANDOCAC-aircraft-framework/aircraft_framework_win/framework_PhD/framework/Performance/Mission/mission     - INFO - ---- End DOC mission function ----
2021-02-16 16:53:28,413 - /home/alejandro/Documents/Github/GIT_IAANDOCAC/IAANDOCAC-aircraft-framework/aircraft_framework_win/framework_PhD/framework/Performance/Mission/mission     - INFO - DOC mission execution time: 0:01:02.907547
2021-02-16 16:53:28,413 - /home/alejandro/Documents/Github/GIT_IAANDOCAC/IAANDOCAC-aircraft-framework/aircraft_framework_win/framework_PhD/framework/Performance/Mission/mission     - INFO - ---- Start DOC mission function ----
2021-02-16 16:54:31,425 - /home/alejandro/Documents/Github/GIT_IAANDOCAC/IAANDOCAC-aircraft-framework/aircraft_framework_win/framework_PhD/framework/Performance/Mission/mission     - INFO - ---- End DOC mission function ----
2021-02-16 16:54:31,427 - /home/alejandro/Documents/Github/GIT_IAANDOCAC/IAANDOCAC-aircraft-framework/aircraft_framework_win/framework_PhD/framework/Performance/Mission/mission     - INFO - DOC mission execution time: 0:01:03.013879
2021-02-16 16:54:31,429 - /home/alejandro/Documents/Github/GIT_IAANDOCAC/IAANDOCAC-aircraft-framework/aircraft_framework_win/framework_PhD/framework/Performance/Mission/mission     - INFO - ---- Start DOC mission function ----
2021-02-16 16:55:35,433 - /home/alejandro/Documents/Github/GIT_IAANDOCAC/IAANDOCAC-aircraft-framework/aircraft_framework_win/framework_PhD/framework/Performance/Mission/mission     - INFO - ---- End DOC mission function ----
2021-02-16 16:55:35,436 - /home/alejandro/Documents/Github/GIT_IAANDOCAC/IAANDOCAC-aircraft-framework/aircraft_framework_win/framework_PhD/framework/Performance/Mission/mission     - INFO - DOC mission execution time: 0:01:04.007365
2021-02-16 16:55:35,442 - /home/alejandro/Documents/Github/GIT_IAANDOCAC/IAANDOCAC-aircraft-framework/aircraft_framework_win/framework_PhD/framework/Performance/Mission/mission     - INFO - ---- Start DOC mission function ----
2021-02-16 16:56:38,113 - /home/alejandro/Documents/Github/GIT_IAANDOCAC/IAANDOCAC-aircraft-framework/aircraft_framework_win/framework_PhD/framework/Performance/Mission/mission     - INFO - ---- End DOC mission function ----
2021-02-16 16:56:38,115 - /home/alejandro/Documents/Github/GIT_IAANDOCAC/IAANDOCAC-aircraft-framework/aircraft_framework_win/framework_PhD/framework/Performance/Mission/mission     - INFO - DOC mission execution time: 0:01:02.672688
2021-02-16 16:56:38,117 - /home/alejandro/Documents/Github/GIT_IAANDOCAC/IAANDOCAC-aircraft-framework/aircraft_framework_win/framework_PhD/framework/Performance/Mission/mission     - INFO - ---- Start DOC mission function ----
2021-02-16 16:57:43,119 - /home/alejandro/Documents/Github/GIT_IAANDOCAC/IAANDOCAC-aircraft-framework/aircraft_framework_win/framework_PhD/framework/Performance/Mission/mission     - INFO - ---- End DOC mission function ----
2021-02-16 16:57:43,122 - /home/alejandro/Documents/Github/GIT_IAANDOCAC/IAANDOCAC-aircraft-framework/aircraft_framework_win/framework_PhD/framework/Performance/Mission/mission     - INFO - DOC mission execution time: 0:01:05.004995
2021-02-16 16:57:43,123 - /home/alejandro/Documents/Github/GIT_IAANDOCAC/IAANDOCAC-aircraft-framework/aircraft_framework_win/framework_PhD/framework/Performance/Mission/mission     - INFO - ---- Start DOC mission function ----
2021-02-16 16:59:06,469 - /home/alejandro/Documents/Github/GIT_IAANDOCAC/IAANDOCAC-aircraft-framework/aircraft_framework_win/framework_PhD/framework/Performance/Mission/mission     - INFO - ---- End DOC mission function ----
2021-02-16 16:59:06,476 - /home/alejandro/Documents/Github/GIT_IAANDOCAC/IAANDOCAC-aircraft-framework/aircraft_framework_win/framework_PhD/framework/Performance/Mission/mission     - INFO - DOC mission execution time: 0:01:23.353484
2021-02-16 16:59:06,477 - /home/alejandro/Documents/Github/GIT_IAANDOCAC/IAANDOCAC-aircraft-framework/aircraft_framework_win/framework_PhD/framework/Performance/Mission/mission     - INFO - ---- Start DOC mission function ----
2021-02-16 17:00:24,127 - /home/alejandro/Documents/Github/GIT_IAANDOCAC/IAANDOCAC-aircraft-framework/aircraft_framework_win/framework_PhD/framework/Performance/Mission/mission     - INFO - ---- End DOC mission function ----
2021-02-16 17:00:24,128 - /home/alejandro/Documents/Github/GIT_IAANDOCAC/IAANDOCAC-aircraft-framework/aircraft_framework_win/framework_PhD/framework/Performance/Mission/mission     - INFO - DOC mission execution time: 0:01:17.651367
2021-02-16 17:00:24,128 - /home/alejandro/Documents/Github/GIT_IAANDOCAC/IAANDOCAC-aircraft-framework/aircraft_framework_win/framework_PhD/framework/Performance/Mission/mission     - INFO - ---- Start DOC mission function ----
2021-02-16 17:01:21,999 - /home/alejandro/Documents/Github/GIT_IAANDOCAC/IAANDOCAC-aircraft-framework/aircraft_framework_win/framework_PhD/framework/Performance/Mission/mission     - INFO - ---- End DOC mission function ----
2021-02-16 17:01:22,005 - /home/alejandro/Documents/Github/GIT_IAANDOCAC/IAANDOCAC-aircraft-framework/aircraft_framework_win/framework_PhD/framework/Performance/Mission/mission     - INFO - DOC mission execution time: 0:00:57.872505
2021-02-16 17:01:22,005 - /home/alejandro/Documents/Github/GIT_IAANDOCAC/IAANDOCAC-aircraft-framework/aircraft_framework_win/framework_PhD/framework/Performance/Mission/mission     - INFO - ---- Start DOC mission function ----
2021-02-16 17:02:35,096 - /home/alejandro/Documents/Github/GIT_IAANDOCAC/IAANDOCAC-aircraft-framework/aircraft_framework_win/framework_PhD/framework/Performance/Mission/mission     - INFO - ---- End DOC mission function ----
2021-02-16 17:02:35,097 - /home/alejandro/Documents/Github/GIT_IAANDOCAC/IAANDOCAC-aircraft-framework/aircraft_framework_win/framework_PhD/framework/Performance/Mission/mission     - INFO - DOC mission execution time: 0:01:13.091454
2021-02-16 17:02:35,097 - /home/alejandro/Documents/Github/GIT_IAANDOCAC/IAANDOCAC-aircraft-framework/aircraft_framework_win/framework_PhD/framework/Performance/Mission/mission     - INFO - ---- Start DOC mission function ----
2021-02-16 17:03:49,207 - /home/alejandro/Documents/Github/GIT_IAANDOCAC/IAANDOCAC-aircraft-framework/aircraft_framework_win/framework_PhD/framework/Performance/Mission/mission     - INFO - ---- End DOC mission function ----
2021-02-16 17:03:49,210 - /home/alejandro/Documents/Github/GIT_IAANDOCAC/IAANDOCAC-aircraft-framework/aircraft_framework_win/framework_PhD/framework/Performance/Mission/mission     - INFO - DOC mission execution time: 0:01:14.113285
2021-02-16 17:03:49,213 - /home/alejandro/Documents/Github/GIT_IAANDOCAC/IAANDOCAC-aircraft-framework/aircraft_framework_win/framework_PhD/framework/Performance/Mission/mission     - INFO - ---- Start DOC mission function ----
2021-02-16 17:05:05,698 - /home/alejandro/Documents/Github/GIT_IAANDOCAC/IAANDOCAC-aircraft-framework/aircraft_framework_win/framework_PhD/framework/Performance/Mission/mission     - INFO - ---- End DOC mission function ----
2021-02-16 17:05:05,702 - /home/alejandro/Documents/Github/GIT_IAANDOCAC/IAANDOCAC-aircraft-framework/aircraft_framework_win/framework_PhD/framework/Performance/Mission/mission     - INFO - DOC mission execution time: 0:01:16.489423
2021-02-16 17:05:05,704 - /home/alejandro/Documents/Github/GIT_IAANDOCAC/IAANDOCAC-aircraft-framework/aircraft_framework_win/framework_PhD/framework/Performance/Mission/mission     - INFO - ---- Start DOC mission function ----
2021-02-16 17:05:42,797 - /home/alejandro/Documents/Github/GIT_IAANDOCAC/IAANDOCAC-aircraft-framework/aircraft_framework_win/framework_PhD/framework/Performance/Mission/mission     - INFO - ---- End DOC mission function ----
2021-02-16 17:05:42,799 - /home/alejandro/Documents/Github/GIT_IAANDOCAC/IAANDOCAC-aircraft-framework/aircraft_framework_win/framework_PhD/framework/Performance/Mission/mission     - INFO - DOC mission execution time: 0:00:37.095202
2021-02-16 17:05:42,802 - /home/alejandro/Documents/Github/GIT_IAANDOCAC/IAANDOCAC-aircraft-framework/aircraft_framework_win/framework_PhD/framework/Performance/Mission/mission     - INFO - ---- Start DOC mission function ----
2021-02-16 17:07:01,066 - /home/alejandro/Documents/Github/GIT_IAANDOCAC/IAANDOCAC-aircraft-framework/aircraft_framework_win/framework_PhD/framework/Performance/Mission/mission     - INFO - ---- End DOC mission function ----
2021-02-16 17:07:01,069 - /home/alejandro/Documents/Github/GIT_IAANDOCAC/IAANDOCAC-aircraft-framework/aircraft_framework_win/framework_PhD/framework/Performance/Mission/mission     - INFO - DOC mission execution time: 0:01:18.267682
2021-02-16 17:07:01,071 - /home/alejandro/Documents/Github/GIT_IAANDOCAC/IAANDOCAC-aircraft-framework/aircraft_framework_win/framework_PhD/framework/Performance/Mission/mission     - INFO - ---- Start DOC mission function ----
2021-02-16 17:08:14,562 - /home/alejandro/Documents/Github/GIT_IAANDOCAC/IAANDOCAC-aircraft-framework/aircraft_framework_win/framework_PhD/framework/Performance/Mission/mission     - INFO - ---- End DOC mission function ----
2021-02-16 17:08:14,563 - /home/alejandro/Documents/Github/GIT_IAANDOCAC/IAANDOCAC-aircraft-framework/aircraft_framework_win/framework_PhD/framework/Performance/Mission/mission     - INFO - DOC mission execution time: 0:01:13.491887
2021-02-16 17:08:14,567 - /home/alejandro/Documents/Github/GIT_IAANDOCAC/IAANDOCAC-aircraft-framework/aircraft_framework_win/framework_PhD/framework/Performance/Mission/mission     - INFO - ---- Start DOC mission function ----
2021-02-16 17:09:25,523 - /home/alejandro/Documents/Github/GIT_IAANDOCAC/IAANDOCAC-aircraft-framework/aircraft_framework_win/framework_PhD/framework/Performance/Mission/mission     - INFO - ---- End DOC mission function ----
2021-02-16 17:09:25,524 - /home/alejandro/Documents/Github/GIT_IAANDOCAC/IAANDOCAC-aircraft-framework/aircraft_framework_win/framework_PhD/framework/Performance/Mission/mission     - INFO - DOC mission execution time: 0:01:10.957077
2021-02-16 17:09:25,524 - /home/alejandro/Documents/Github/GIT_IAANDOCAC/IAANDOCAC-aircraft-framework/aircraft_framework_win/framework_PhD/framework/Performance/Mission/mission     - INFO - ---- Start DOC mission function ----
2021-02-16 17:10:17,220 - /home/alejandro/Documents/Github/GIT_IAANDOCAC/IAANDOCAC-aircraft-framework/aircraft_framework_win/framework_PhD/framework/Performance/Mission/mission     - INFO - ---- End DOC mission function ----
2021-02-16 17:10:17,223 - /home/alejandro/Documents/Github/GIT_IAANDOCAC/IAANDOCAC-aircraft-framework/aircraft_framework_win/framework_PhD/framework/Performance/Mission/mission     - INFO - DOC mission execution time: 0:00:51.698735
2021-02-16 17:10:17,226 - /home/alejandro/Documents/Github/GIT_IAANDOCAC/IAANDOCAC-aircraft-framework/aircraft_framework_win/framework_PhD/framework/Performance/Mission/mission     - INFO - ---- Start DOC mission function ----
2021-02-16 17:11:07,244 - /home/alejandro/Documents/Github/GIT_IAANDOCAC/IAANDOCAC-aircraft-framework/aircraft_framework_win/framework_PhD/framework/Performance/Mission/mission     - INFO - ---- End DOC mission function ----
2021-02-16 17:11:07,245 - /home/alejandro/Documents/Github/GIT_IAANDOCAC/IAANDOCAC-aircraft-framework/aircraft_framework_win/framework_PhD/framework/Performance/Mission/mission     - INFO - DOC mission execution time: 0:00:50.018728
2021-02-16 17:11:07,245 - /home/alejandro/Documents/Github/GIT_IAANDOCAC/IAANDOCAC-aircraft-framework/aircraft_framework_win/framework_PhD/framework/Performance/Mission/mission     - INFO - ---- Start DOC mission function ----
2021-02-16 17:11:57,413 - /home/alejandro/Documents/Github/GIT_IAANDOCAC/IAANDOCAC-aircraft-framework/aircraft_framework_win/framework_PhD/framework/Performance/Mission/mission     - INFO - ---- End DOC mission function ----
2021-02-16 17:11:57,414 - /home/alejandro/Documents/Github/GIT_IAANDOCAC/IAANDOCAC-aircraft-framework/aircraft_framework_win/framework_PhD/framework/Performance/Mission/mission     - INFO - DOC mission execution time: 0:00:50.169173
2021-02-16 17:11:57,414 - /home/alejandro/Documents/Github/GIT_IAANDOCAC/IAANDOCAC-aircraft-framework/aircraft_framework_win/framework_PhD/framework/Performance/Mission/mission     - INFO - ---- Start DOC mission function ----
2021-02-16 17:13:12,863 - /home/alejandro/Documents/Github/GIT_IAANDOCAC/IAANDOCAC-aircraft-framework/aircraft_framework_win/framework_PhD/framework/Performance/Mission/mission     - INFO - ---- End DOC mission function ----
2021-02-16 17:13:12,866 - /home/alejandro/Documents/Github/GIT_IAANDOCAC/IAANDOCAC-aircraft-framework/aircraft_framework_win/framework_PhD/framework/Performance/Mission/mission     - INFO - DOC mission execution time: 0:01:15.451806
2021-02-16 17:13:12,867 - /home/alejandro/Documents/Github/GIT_IAANDOCAC/IAANDOCAC-aircraft-framework/aircraft_framework_win/framework_PhD/framework/Performance/Mission/mission     - INFO - ---- Start DOC mission function ----
2021-02-16 17:14:25,427 - /home/alejandro/Documents/Github/GIT_IAANDOCAC/IAANDOCAC-aircraft-framework/aircraft_framework_win/framework_PhD/framework/Performance/Mission/mission     - INFO - ---- End DOC mission function ----
2021-02-16 17:14:25,428 - /home/alejandro/Documents/Github/GIT_IAANDOCAC/IAANDOCAC-aircraft-framework/aircraft_framework_win/framework_PhD/framework/Performance/Mission/mission     - INFO - DOC mission execution time: 0:01:12.561500
2021-02-16 17:14:25,429 - /home/alejandro/Documents/Github/GIT_IAANDOCAC/IAANDOCAC-aircraft-framework/aircraft_framework_win/framework_PhD/framework/Performance/Mission/mission     - INFO - ---- Start DOC mission function ----
2021-02-16 17:15:33,499 - /home/alejandro/Documents/Github/GIT_IAANDOCAC/IAANDOCAC-aircraft-framework/aircraft_framework_win/framework_PhD/framework/Performance/Mission/mission     - INFO - ---- End DOC mission function ----
2021-02-16 17:15:33,502 - /home/alejandro/Documents/Github/GIT_IAANDOCAC/IAANDOCAC-aircraft-framework/aircraft_framework_win/framework_PhD/framework/Performance/Mission/mission     - INFO - DOC mission execution time: 0:01:08.073098
2021-02-16 17:15:33,502 - /home/alejandro/Documents/Github/GIT_IAANDOCAC/IAANDOCAC-aircraft-framework/aircraft_framework_win/framework_PhD/framework/Performance/Mission/mission     - INFO - ---- Start DOC mission function ----
2021-02-16 17:16:38,561 - /home/alejandro/Documents/Github/GIT_IAANDOCAC/IAANDOCAC-aircraft-framework/aircraft_framework_win/framework_PhD/framework/Performance/Mission/mission     - INFO - ---- End DOC mission function ----
2021-02-16 17:16:38,564 - /home/alejandro/Documents/Github/GIT_IAANDOCAC/IAANDOCAC-aircraft-framework/aircraft_framework_win/framework_PhD/framework/Performance/Mission/mission     - INFO - DOC mission execution time: 0:01:05.061231
2021-02-16 17:16:38,564 - /home/alejandro/Documents/Github/GIT_IAANDOCAC/IAANDOCAC-aircraft-framework/aircraft_framework_win/framework_PhD/framework/Performance/Mission/mission     - INFO - ---- Start DOC mission function ----
2021-02-16 17:17:42,324 - /home/alejandro/Documents/Github/GIT_IAANDOCAC/IAANDOCAC-aircraft-framework/aircraft_framework_win/framework_PhD/framework/Performance/Mission/mission     - INFO - ---- End DOC mission function ----
2021-02-16 17:17:42,326 - /home/alejandro/Documents/Github/GIT_IAANDOCAC/IAANDOCAC-aircraft-framework/aircraft_framework_win/framework_PhD/framework/Performance/Mission/mission     - INFO - DOC mission execution time: 0:01:03.762058
2021-02-16 17:17:42,328 - /home/alejandro/Documents/Github/GIT_IAANDOCAC/IAANDOCAC-aircraft-framework/aircraft_framework_win/framework_PhD/framework/Performance/Mission/mission     - INFO - ---- Start DOC mission function ----
2021-02-16 17:18:25,205 - /home/alejandro/Documents/Github/GIT_IAANDOCAC/IAANDOCAC-aircraft-framework/aircraft_framework_win/framework_PhD/framework/Performance/Mission/mission     - INFO - ---- End DOC mission function ----
2021-02-16 17:18:25,208 - /home/alejandro/Documents/Github/GIT_IAANDOCAC/IAANDOCAC-aircraft-framework/aircraft_framework_win/framework_PhD/framework/Performance/Mission/mission     - INFO - DOC mission execution time: 0:00:42.879413
2021-02-16 17:18:25,210 - /home/alejandro/Documents/Github/GIT_IAANDOCAC/IAANDOCAC-aircraft-framework/aircraft_framework_win/framework_PhD/framework/Performance/Mission/mission     - INFO - ---- Start DOC mission function ----
2021-02-16 17:19:30,165 - /home/alejandro/Documents/Github/GIT_IAANDOCAC/IAANDOCAC-aircraft-framework/aircraft_framework_win/framework_PhD/framework/Performance/Mission/mission     - INFO - ---- End DOC mission function ----
2021-02-16 17:19:30,166 - /home/alejandro/Documents/Github/GIT_IAANDOCAC/IAANDOCAC-aircraft-framework/aircraft_framework_win/framework_PhD/framework/Performance/Mission/mission     - INFO - DOC mission execution time: 0:01:04.956219
2021-02-16 17:19:30,166 - /home/alejandro/Documents/Github/GIT_IAANDOCAC/IAANDOCAC-aircraft-framework/aircraft_framework_win/framework_PhD/framework/Performance/Mission/mission     - INFO - ---- Start DOC mission function ----
2021-02-16 17:20:33,653 - /home/alejandro/Documents/Github/GIT_IAANDOCAC/IAANDOCAC-aircraft-framework/aircraft_framework_win/framework_PhD/framework/Performance/Mission/mission     - INFO - ---- End DOC mission function ----
2021-02-16 17:20:33,656 - /home/alejandro/Documents/Github/GIT_IAANDOCAC/IAANDOCAC-aircraft-framework/aircraft_framework_win/framework_PhD/framework/Performance/Mission/mission     - INFO - DOC mission execution time: 0:01:03.489259
2021-02-16 17:20:33,658 - /home/alejandro/Documents/Github/GIT_IAANDOCAC/IAANDOCAC-aircraft-framework/aircraft_framework_win/framework_PhD/framework/Performance/Mission/mission     - INFO - ---- Start DOC mission function ----
2021-02-16 17:21:16,854 - /home/alejandro/Documents/Github/GIT_IAANDOCAC/IAANDOCAC-aircraft-framework/aircraft_framework_win/framework_PhD/framework/Performance/Mission/mission     - INFO - ---- End DOC mission function ----
2021-02-16 17:21:16,857 - /home/alejandro/Documents/Github/GIT_IAANDOCAC/IAANDOCAC-aircraft-framework/aircraft_framework_win/framework_PhD/framework/Performance/Mission/mission     - INFO - DOC mission execution time: 0:00:43.198915
2021-02-16 17:21:16,857 - /home/alejandro/Documents/Github/GIT_IAANDOCAC/IAANDOCAC-aircraft-framework/aircraft_framework_win/framework_PhD/framework/Performance/Mission/mission     - INFO - ---- Start DOC mission function ----
2021-02-16 17:22:22,795 - /home/alejandro/Documents/Github/GIT_IAANDOCAC/IAANDOCAC-aircraft-framework/aircraft_framework_win/framework_PhD/framework/Performance/Mission/mission     - INFO - ---- End DOC mission function ----
2021-02-16 17:22:22,798 - /home/alejandro/Documents/Github/GIT_IAANDOCAC/IAANDOCAC-aircraft-framework/aircraft_framework_win/framework_PhD/framework/Performance/Mission/mission     - INFO - DOC mission execution time: 0:01:05.940325
2021-02-16 17:22:22,800 - /home/alejandro/Documents/Github/GIT_IAANDOCAC/IAANDOCAC-aircraft-framework/aircraft_framework_win/framework_PhD/framework/Performance/Mission/mission     - INFO - ---- Start DOC mission function ----
2021-02-16 17:22:50,908 - /home/alejandro/Documents/Github/GIT_IAANDOCAC/IAANDOCAC-aircraft-framework/aircraft_framework_win/framework_PhD/framework/Performance/Mission/mission     - INFO - ---- End DOC mission function ----
2021-02-16 17:22:50,911 - /home/alejandro/Documents/Github/GIT_IAANDOCAC/IAANDOCAC-aircraft-framework/aircraft_framework_win/framework_PhD/framework/Performance/Mission/mission     - INFO - DOC mission execution time: 0:00:28.110808
2021-02-16 17:22:50,913 - /home/alejandro/Documents/Github/GIT_IAANDOCAC/IAANDOCAC-aircraft-framework/aircraft_framework_win/framework_PhD/framework/Performance/Mission/mission     - INFO - ---- Start DOC mission function ----
2021-02-16 17:23:53,040 - /home/alejandro/Documents/Github/GIT_IAANDOCAC/IAANDOCAC-aircraft-framework/aircraft_framework_win/framework_PhD/framework/Performance/Mission/mission     - INFO - ---- End DOC mission function ----
2021-02-16 17:23:53,043 - /home/alejandro/Documents/Github/GIT_IAANDOCAC/IAANDOCAC-aircraft-framework/aircraft_framework_win/framework_PhD/framework/Performance/Mission/mission     - INFO - DOC mission execution time: 0:01:02.130150
2021-02-16 17:23:53,045 - /home/alejandro/Documents/Github/GIT_IAANDOCAC/IAANDOCAC-aircraft-framework/aircraft_framework_win/framework_PhD/framework/Performance/Mission/mission     - INFO - ---- Start DOC mission function ----
2021-02-16 17:24:25,084 - /home/alejandro/Documents/Github/GIT_IAANDOCAC/IAANDOCAC-aircraft-framework/aircraft_framework_win/framework_PhD/framework/Performance/Mission/mission     - INFO - ---- End DOC mission function ----
2021-02-16 17:24:25,086 - /home/alejandro/Documents/Github/GIT_IAANDOCAC/IAANDOCAC-aircraft-framework/aircraft_framework_win/framework_PhD/framework/Performance/Mission/mission     - INFO - DOC mission execution time: 0:00:32.041455
2021-02-16 17:24:25,088 - /home/alejandro/Documents/Github/GIT_IAANDOCAC/IAANDOCAC-aircraft-framework/aircraft_framework_win/framework_PhD/framework/Performance/Mission/mission     - INFO - ---- Start DOC mission function ----
2021-02-16 17:25:27,745 - /home/alejandro/Documents/Github/GIT_IAANDOCAC/IAANDOCAC-aircraft-framework/aircraft_framework_win/framework_PhD/framework/Performance/Mission/mission     - INFO - ---- End DOC mission function ----
2021-02-16 17:25:27,748 - /home/alejandro/Documents/Github/GIT_IAANDOCAC/IAANDOCAC-aircraft-framework/aircraft_framework_win/framework_PhD/framework/Performance/Mission/mission     - INFO - DOC mission execution time: 0:01:02.659161
2021-02-16 17:25:27,750 - /home/alejandro/Documents/Github/GIT_IAANDOCAC/IAANDOCAC-aircraft-framework/aircraft_framework_win/framework_PhD/framework/Performance/Mission/mission     - INFO - ---- Start DOC mission function ----
2021-02-16 17:26:33,559 - /home/alejandro/Documents/Github/GIT_IAANDOCAC/IAANDOCAC-aircraft-framework/aircraft_framework_win/framework_PhD/framework/Performance/Mission/mission     - INFO - ---- End DOC mission function ----
2021-02-16 17:26:33,561 - /home/alejandro/Documents/Github/GIT_IAANDOCAC/IAANDOCAC-aircraft-framework/aircraft_framework_win/framework_PhD/framework/Performance/Mission/mission     - INFO - DOC mission execution time: 0:01:05.811269
2021-02-16 17:26:33,563 - /home/alejandro/Documents/Github/GIT_IAANDOCAC/IAANDOCAC-aircraft-framework/aircraft_framework_win/framework_PhD/framework/Performance/Mission/mission     - INFO - ---- Start DOC mission function ----
2021-02-16 17:27:37,329 - /home/alejandro/Documents/Github/GIT_IAANDOCAC/IAANDOCAC-aircraft-framework/aircraft_framework_win/framework_PhD/framework/Performance/Mission/mission     - INFO - ---- End DOC mission function ----
2021-02-16 17:27:37,331 - /home/alejandro/Documents/Github/GIT_IAANDOCAC/IAANDOCAC-aircraft-framework/aircraft_framework_win/framework_PhD/framework/Performance/Mission/mission     - INFO - DOC mission execution time: 0:01:03.768217
2021-02-16 17:27:37,333 - /home/alejandro/Documents/Github/GIT_IAANDOCAC/IAANDOCAC-aircraft-framework/aircraft_framework_win/framework_PhD/framework/Performance/Mission/mission     - INFO - ---- Start DOC mission function ----
2021-02-16 17:28:41,741 - /home/alejandro/Documents/Github/GIT_IAANDOCAC/IAANDOCAC-aircraft-framework/aircraft_framework_win/framework_PhD/framework/Performance/Mission/mission     - INFO - ---- End DOC mission function ----
2021-02-16 17:28:41,742 - /home/alejandro/Documents/Github/GIT_IAANDOCAC/IAANDOCAC-aircraft-framework/aircraft_framework_win/framework_PhD/framework/Performance/Mission/mission     - INFO - DOC mission execution time: 0:01:04.408732
2021-02-16 17:28:41,742 - /home/alejandro/Documents/Github/GIT_IAANDOCAC/IAANDOCAC-aircraft-framework/aircraft_framework_win/framework_PhD/framework/Performance/Mission/mission     - INFO - ---- Start DOC mission function ----
2021-02-16 17:29:45,694 - /home/alejandro/Documents/Github/GIT_IAANDOCAC/IAANDOCAC-aircraft-framework/aircraft_framework_win/framework_PhD/framework/Performance/Mission/mission     - INFO - ---- End DOC mission function ----
2021-02-16 17:29:45,697 - /home/alejandro/Documents/Github/GIT_IAANDOCAC/IAANDOCAC-aircraft-framework/aircraft_framework_win/framework_PhD/framework/Performance/Mission/mission     - INFO - DOC mission execution time: 0:01:03.954464
2021-02-16 17:29:45,699 - /home/alejandro/Documents/Github/GIT_IAANDOCAC/IAANDOCAC-aircraft-framework/aircraft_framework_win/framework_PhD/framework/Performance/Mission/mission     - INFO - ---- Start DOC mission function ----
2021-02-16 17:30:52,766 - /home/alejandro/Documents/Github/GIT_IAANDOCAC/IAANDOCAC-aircraft-framework/aircraft_framework_win/framework_PhD/framework/Performance/Mission/mission     - INFO - ---- End DOC mission function ----
2021-02-16 17:30:52,769 - /home/alejandro/Documents/Github/GIT_IAANDOCAC/IAANDOCAC-aircraft-framework/aircraft_framework_win/framework_PhD/framework/Performance/Mission/mission     - INFO - DOC mission execution time: 0:01:07.069623
